1	32	G	G	T	216	216	0	20
1	50	C	C	A	0	216	0	20
1	63	A	A	G	0	216	0	20
1	175	T	T	C	0	216	0	20
1	206	T	T	C	0	216	0	20
1	215	A	A	C	216	216	0	20
1	236	T	T	A	0	216	0	20
1	252	G	G	A	216	216	0	20
1	277	C	C	A	3	216	0	20
1	282	T	T	G	0	216	0	20
1	328	C	C	A	65	216	0	20
1	359	G	G	T	1	216	0	20
1	416	G	G	A	26	216	0	20
1	512	G	G	A	1	216	0	20
1	518	A	A	G	216	216	0	20
1	524	A	A	G	0	216	1	20
1	531	T	T	G	0	216	0	20
1	615	T	T	G	1	216	0	20
1	637	C	C	T	216	216	18	20
1	675	A	A	G	0	216	0	20
1	684	C	C	T	216	216	0	20
1	778	C	C	T	0	216	0	20
1	824	C	C	A	216	216	0	20
1	841	T	T	C	0	216	0	20
1	890	G	G	A	0	216	0	20
1	933	C	C	G	216	216	0	20
1	937	T	T	A	0	216	0	20
1	958	A	A	C	216	216	0	20
1	968	T	T	A	216	216	0	20
1	1015	A	A	T	216	216	0	20
1	1022	T	T	A	0	216	0	20
1	1030	T	T	A	0	216	0	20
1	1067	T	T	G	5	216	0	20
1	1096	G	G	C	216	216	0	20
1	1119	T	T	G	0	216	0	20
1	1135	T	T	G	0	216	0	20
1	1275	G	G	A	1	216	0	20
1	1280	G	G	A	1	216	0	20
1	1312	G	G	T	2	216	0	20
1	1394	T	T	G	0	216	0	20
1	1465	C	C	G	0	216	0	20
1	1548	G	G	A	0	216	0	20
1	1584	C	C	G	16	216	0	20
1	1593	G	G	T	216	216	0	20
1	1624	A	A	T	0	216	15	20
1	1680	A	A	T	0	216	1	20
1	1691	A	A	T	15	216	0	20
1	1742	A	A	G	15	216	0	20
1	1774	G	G	T	7	216	0	20
1	1789	C	C	G	0	216	1	20
1	1880	C	C	A	0	216	15	20
1	1902	A	A	T	216	216	0	20
1	1909	C	C	T	216	216	0	20
1	1911	A	A	T	201	216	0	20
1	1952	G	G	C	13	216	0	20
1	2003	G	G	C	0	216	0	20
1	2095	G	G	T	0	216	1	20
1	2161	C	C	A	15	216	0	20
1	2221	G	G	A	0	216	0	20
1	2227	G	G	C	0	216	0	20
1	2231	G	G	C	0	216	4	20
1	2298	T	T	A	5	216	0	20
1	2318	A	A	T	216	216	0	20
1	2344	A	A	T	216	216	0	20
1	2406	C	C	A	0	216	0	20
1	2424	T	T	C	43	216	0	20
1	2426	T	T	G	216	216	0	20
1	2443	A	A	C	216	216	0	20
1	2505	A	A	G	0	216	1	20
1	2520	T	T	G	216	216	0	20
1	2547	C	C	G	0	216	1	20
1	2576	G	G	A	1	216	0	20
1	2581	T	T	C	0	216	6	20
1	2588	C	C	T	216	216	0	20
1	2596	T	T	C	26	216	0	20
1	2603	T	T	G	8	216	0	20
1	2621	C	C	T	0	216	0	20
1	2634	C	C	A	0	216	0	20
1	2656	A	A	T	216	216	0	20
1	2670	C	C	T	216	216	0	20
1	2706	C	C	G	216	216	0	20
1	2725	A	A	T	0	216	1	20
1	2746	T	T	A	0	216	0	20
1	2784	G	G	C	0	216	1	20
1	2831	C	C	T	0	216	0	20
1	2841	T	T	C	0	216	1	20
1	2858	G	G	A	0	216	0	20
1	2875	G	G	C	28	216	0	20
1	2879	T	T	A	0	216	15	20
1	2888	A	A	C	216	216	0	20
1	3060	G	G	C	216	216	0	20
1	3103	T	T	C	0	216	6	20
1	3111	T	T	C	15	216	0	20
1	3187	A	A	T	216	216	0	20
1	3238	A	A	T	216	216	0	20
1	3364	G	G	A	0	216	0	20
1	3377	C	C	A	216	216	0	20
1	3384	C	C	A	0	216	0	20
1	3416	T	T	G	216	216	0	20
1	3478	A	A	T	0	216	0	20
1	3511	G	G	A	0	216	0	20
1	3568	C	C	A	0	216	0	20
1	3585	T	T	C	216	216	0	20
1	3589	G	G	A	216	216	0	20
1	3630	A	A	C	141	216	0	20
1	3696	A	A	C	0	216	0	20
1	3835	A	A	G	216	216	0	20
1	3841	T	T	A	41	216	0	20
1	3845	T	T	C	0	216	0	20
1	3899	A	A	C	216	216	0	20
1	4089	T	T	C	216	216	17	20
1	4096	G	G	C	216	216	0	20
1	4098	A	A	G	216	216	0	20
1	4411	A	A	G	0	216	0	20
1	4445	T	T	A	216	216	0	20
1	4459	T	T	A	0	216	0	20
1	4483	C	C	T	216	216	0	20
1	4539	T	T	G	216	216	0	20
1	4543	A	A	C	15	216	0	20
1	4550	C	C	A	216	216	0	20
1	4620	T	T	C	118	216	0	20
1	4630	G	G	A	0	216	0	20
1	4631	G	G	T	216	216	0	20
1	4651	G	G	T	10	216	0	20
1	4670	A	A	C	0	216	0	20
1	4672	G	G	C	216	216	0	20
1	4679	A	A	T	216	216	0	20
1	4692	G	G	A	0	216	1	20
1	4796	G	G	C	216	216	0	20
1	4853	G	G	C	0	216	0	20
1	4974	A	A	T	0	216	0	20
1	4976	T	T	G	216	216	0	20
1	5054	T	T	C	0	216	0	20
1	5070	G	G	T	0	216	0	20
1	5081	C	C	G	216	216	0	20
1	5091	G	G	C	216	216	0	20
1	5106	C	C	T	1	216	0	20
1	5288	T	T	A	0	216	7	20
1	5469	A	A	G	216	216	0	20
1	5507	G	G	A	216	216	0	20
1	5541	G	G	T	53	216	0	20
1	5580	G	G	C	27	216	0	20
1	5631	T	T	C	216	216	0	20
1	5659	T	T	C	122	216	0	20
1	5687	T	T	G	122	216	0	20
1	5719	T	T	A	9	216	0	20
1	5786	T	T	G	216	216	0	20
1	5832	G	G	C	0	216	0	20
1	5835	T	T	C	216	216	0	20
1	5837	G	G	T	0	216	0	20
1	5839	T	T	G	0	216	1	20
1	5882	A	A	C	216	216	0	20
1	5902	T	T	G	0	216	0	20
1	6042	A	A	T	216	216	18	20
1	6067	T	T	A	216	216	0	20
1	6087	C	C	G	0	216	0	20
1	6092	A	A	G	216	216	0	20
1	6093	C	C	T	0	216	0	20
1	6096	C	C	G	9	216	0	20
1	6187	C	C	A	216	216	0	20
1	6232	C	C	T	0	216	0	20
1	6266	C	C	A	0	216	0	20
1	6272	T	T	G	216	216	0	20
1	6352	T	T	C	7	216	0	20
1	6471	T	T	G	0	216	0	20
1	6527	G	G	A	8	216	0	20
1	6712	T	T	A	4	216	0	20
1	6717	G	G	T	111	216	0	20
1	6719	T	T	C	0	216	3	20
1	6753	G	G	A	0	216	0	20
1	6783	A	A	T	216	216	0	20
1	6786	T	T	A	216	216	0	20
1	6813	A	A	C	216	216	0	20
1	6832	T	T	G	0	216	0	20
1	6905	T	T	C	0	216	5	20
1	6921	A	A	C	216	216	0	20
1	6928	T	T	G	0	216	0	20
1	6965	C	C	T	0	216	0	20
1	6993	A	A	T	9	216	0	20
1	7008	A	A	G	0	216	2	20
1	7063	C	C	A	216	216	0	20
1	7069	C	C	G	0	216	0	20
1	7076	C	C	T	216	216	0	20
1	7104	T	T	A	0	216	0	20
1	7146	C	C	T	0	216	2	20
1	7204	T	T	G	216	216	0	20
1	7254	G	G	T	5	216	0	20
1	7300	G	G	A	216	216	0	20
1	7328	G	G	C	0	216	1	20
1	7336	A	A	C	216	216	0	20
1	7383	G	G	A	216	216	0	20
1	7440	A	A	G	0	216	1	20
1	7475	G	G	A	0	216	0	20
1	7477	G	G	C	216	216	0	20
1	7508	G	G	A	216	216	0	20
1	7607	G	G	A	216	216	0	20
1	7626	T	T	G	0	216	0	20
1	7656	C	C	G	126	216	0	20
1	7666	A	A	T	216	216	0	20
1	7705	C	C	A	216	216	0	20
1	7764	A	A	T	216	216	0	20
1	7813	A	A	C	216	216	0	20
1	7852	A	A	T	216	216	0	20
1	7869	G	G	C	216	216	0	20
1	7983	C	C	T	216	216	0	20
1	8003	G	G	T	216	216	0	20
1	8006	C	C	A	1	216	0	20
1	8030	T	T	G	0	216	0	20
1	8044	A	A	G	2	216	0	20
1	8078	T	T	G	216	216	0	20
1	8089	G	G	A	1	216	0	20
1	8113	G	G	C	216	216	0	20
1	8147	G	G	A	0	216	3	20
1	8165	G	G	T	0	216	2	20
1	8288	G	G	A	0	216	0	20
1	8327	T	T	C	216	216	0	20
1	8341	A	A	G	7	216	0	20
1	8390	G	G	C	0	216	0	20
1	8402	G	G	C	0	216	2	20
1	8420	C	C	T	216	216	0	20
1	8469	C	C	G	0	216	0	20
1	8479	C	C	T	6	216	0	20
1	8508	A	A	T	216	216	0	20
1	8557	A	A	G	0	216	0	20
1	8582	C	C	G	216	216	0	20
1	8586	C	C	A	216	216	0	20
1	8588	G	G	C	3	216	0	20
1	8594	T	T	A	216	216	0	20
1	8601	A	A	T	0	216	7	20
1	8605	C	C	G	0	216	0	20
1	8720	G	G	T	0	216	0	20
1	8727	C	C	G	0	216	0	20
1	8748	G	G	A	216	216	0	20
1	8765	T	T	A	216	216	0	20
1	8819	G	G	T	0	216	1	20
1	8826	A	A	G	216	216	0	20
1	8840	T	T	C	0	216	0	20
1	8842	G	G	C	0	216	0	20
1	8893	G	G	T	216	216	0	20
1	8904	T	T	G	216	216	0	20
1	8912	T	T	C	216	216	0	20
1	8981	T	T	C	216	216	0	20
1	9036	G	G	C	0	216	2	20
1	9079	T	T	G	0	216	1	20
1	9083	T	T	A	216	216	0	20
1	9287	C	C	A	0	216	0	20
1	9302	G	G	T	216	216	0	20
1	9319	A	A	C	0	216	0	20
1	9339	T	T	A	216	216	0	20
1	9371	T	T	A	0	216	0	20
1	9419	G	G	A	0	216	8	20
1	9440	G	G	C	216	216	0	20
1	9456	C	C	T	0	216	0	20
1	9458	C	C	A	216	216	0	20
1	9466	C	C	G	0	216	1	20
1	9472	T	T	A	12	216	0	20
1	9481	A	A	C	216	216	0	20
1	9511	C	C	G	216	216	0	20
1	9534	C	C	A	1	216	0	20
1	9553	T	T	G	0	216	1	20
1	9567	C	C	A	216	216	0	20
1	9574	C	C	G	0	216	0	20
1	9629	G	G	C	1	216	0	20
1	9650	A	A	G	216	216	0	20
1	9705	A	A	G	0	216	8	20
1	9728	T	T	C	216	216	0	20
1	9743	A	A	T	216	216	0	20
1	9748	C	C	T	216	216	0	20
1	9772	A	A	G	216	216	0	20
1	9804	T	T	C	0	216	2	20
1	9813	G	G	C	216	216	0	20
1	9869	G	G	A	0	216	0	20
1	9969	A	A	G	0	216	0	20
1	10005	C	C	A	5	216	0	20
1	10039	C	C	A	216	216	0	20
1	10053	G	G	T	9	216	0	20
1	10072	G	G	C	0	216	0	20
1	10092	G	G	C	1	216	0	20
1	10130	G	G	C	7	216	0	20
1	10144	A	A	C	216	216	15	20
1	10169	G	G	T	0	216	0	20
1	10186	A	A	G	216	216	0	20
1	10195	A	A	C	1	216	0	20
1	10251	T	T	C	216	216	0	20
1	10289	T	T	C	216	216	19	20
1	10326	T	T	A	13	216	0	20
1	10350	A	A	G	149	216	0	20
1	10385	C	C	T	25	216	0	20
1	10397	T	T	C	0	216	0	20
1	10407	C	C	A	216	216	0	20
1	10410	A	A	C	0	216	0	20
1	10433	T	T	C	0	216	0	20
1	10437	A	A	T	216	216	9	20
1	10488	T	T	C	0	216	0	20
1	10653	G	G	T	0	216	0	20
1	10691	A	A	T	0	216	8	20
1	10711	A	A	C	0	216	0	20
1	10727	G	G	T	216	216	17	20
1	10736	G	G	T	0	216	0	20
1	10748	C	C	G	0	216	0	20
1	10754	G	G	T	0	216	0	20
1	10825	T	T	A	0	216	0	20
1	10871	T	T	G	0	216	0	20
1	10910	A	A	G	0	216	0	20
1	10917	A	A	G	216	216	16	20
1	11015	A	A	G	0	216	8	20
1	11016	C	C	G	20	216	0	20
1	11050	A	A	T	9	216	0	20
1	11077	G	G	C	1	216	0	20
1	11098	T	T	C	216	216	0	20
1	11237	G	G	A	149	216	0	20
1	11332	C	C	G	216	216	0	20
1	11347	C	C	G	8	216	0	20
1	11358	T	T	C	0	216	0	20
1	11375	C	C	A	0	216	0	20
1	11404	A	A	C	0	216	0	20
1	11424	G	G	T	216	216	0	20
1	11462	C	C	T	0	216	5	20
1	11485	A	A	G	119	216	0	20
1	11528	G	G	C	216	216	0	20
1	11578	G	G	A	0	216	4	20
1	11677	A	A	C	2	216	0	20
1	11703	G	G	A	216	216	0	20
1	11705	T	T	A	0	216	0	20
1	11707	A	A	C	216	216	0	20
1	11738	T	T	G	216	216	0	20
1	11749	C	C	T	7	216	0	20
1	11871	A	A	G	3	216	0	20
1	11893	G	G	A	0	216	2	20
1	11994	G	G	A	0	216	0	20
1	12030	C	C	G	216	216	0	20
1	12049	C	C	T	0	216	0	20
1	12192	T	T	G	216	216	13	20
1	12415	C	C	T	216	216	0	20
1	12458	A	A	T	216	216	0	20
1	12469	T	T	G	216	216	0	20
1	12500	G	G	C	77	216	0	20
1	12556	A	A	G	216	216	0	20
1	12583	G	G	C	0	216	0	20
1	12584	C	C	G	1	216	0	20
1	12630	T	T	C	216	216	0	20
1	12679	A	A	T	0	216	0	20
1	12718	C	C	A	216	216	0	20
1	12734	C	C	A	20	216	0	20
1	12753	T	T	C	9	216	0	20
1	12756	A	A	C	216	216	0	20
1	12788	C	C	G	0	216	0	20
1	12858	T	T	C	0	216	0	20
1	12960	G	G	C	9	216	0	20
1	12974	G	G	A	139	216	0	20
1	12985	G	G	A	77	216	0	20
1	12994	A	A	G	0	216	0	20
1	13017	G	G	T	0	216	0	20
1	13032	G	G	A	9	216	0	20
1	13063	G	G	T	10	216	0	20
1	13124	T	T	C	82	216	0	20
1	13149	A	A	T	0	216	0	20
1	13172	G	G	C	0	216	0	20
1	13182	C	C	G	0	216	0	20
1	13280	A	A	C	216	216	0	20
1	13305	G	G	C	9	216	0	20
1	13322	G	G	A	0	216	0	20
1	13337	T	T	C	0	216	4	20
1	13347	C	C	G	216	216	5	20
1	13354	T	T	C	216	216	0	20
1	13383	C	C	A	0	216	0	20
1	13408	T	T	A	0	216	0	20
1	13432	A	A	T	0	216	4	20
1	13460	T	T	A	4	216	0	20
1	13537	T	T	G	0	216	0	20
1	13550	C	C	G	0	216	0	20
1	13574	C	C	G	2	216	0	20
1	13619	A	A	T	216	216	0	20
1	13697	A	A	T	73	216	0	20
1	13742	G	G	A	0	216	1	20
1	13768	T	T	C	216	216	4	20
1	13782	T	T	C	71	216	0	20
1	13785	A	A	G	0	216	0	20
1	13794	T	T	G	0	216	0	20
1	13826	T	T	G	216	216	4	20
1	13839	A	A	T	0	216	0	20
1	13929	C	C	A	0	216	0	20
1	13941	C	C	A	0	216	0	20
1	13995	A	A	C	81	216	0	20
1	14008	C	C	T	0	216	7	20
1	14075	C	C	G	0	216	5	20
1	14086	A	A	T	1	216	0	20
1	14088	G	G	C	0	216	0	20
1	14128	C	C	G	1	216	0	20
1	14167	T	T	C	0	216	0	20
1	14206	G	G	T	0	216	0	20
1	14209	C	C	T	0	216	4	20
1	14223	T	T	G	0	216	4	20
1	14249	G	G	C	0	216	0	20
1	14268	G	G	A	0	216	4	20
1	14278	G	G	A	0	216	4	20
1	14287	C	C	A	81	216	0	20
1	14288	G	G	A	0	216	1	20
1	14302	A	A	T	0	216	0	20
1	14325	G	G	A	12	216	0	20
1	14371	T	T	A	0	216	0	20
1	14393	T	T	C	88	216	0	20
1	14408	G	G	T	216	216	0	20
1	14429	T	T	C	4	216	0	20
1	14444	C	C	G	0	216	0	20
1	14509	T	T	C	0	216	0	20
1	14518	G	G	T	216	216	4	20
1	14539	C	C	A	0	216	0	20
1	14641	C	C	G	1	216	0	20
1	14683	T	T	C	0	216	1	20
1	14699	A	A	C	0	216	1	20
1	14803	T	T	A	0	216	0	20
1	14840	T	T	A	216	216	0	20
1	14855	C	C	A	0	216	4	20
1	14859	C	C	T	216	216	0	20
1	14915	A	A	T	216	216	0	20
1	14922	A	A	T	2	216	0	20
1	14930	A	A	C	0	216	0	20
1	15001	G	G	C	125	216	0	20
1	15027	G	G	C	2	216	0	20
1	15046	A	A	G	0	216	4	20
1	15085	C	C	A	0	216	0	20
1	15096	A	A	T	0	216	0	20
1	15200	G	G	A	0	216	1	20
1	15222	C	C	G	0	216	0	20
1	15260	T	T	C	216	216	0	20
1	15261	A	A	C	16	216	0	20
1	15265	A	A	C	2	216	0	20
1	15300	G	G	A	0	216	1	20
1	15307	G	G	C	125	216	0	20
1	15309	A	A	T	0	216	0	20
1	15371	G	G	C	0	216	0	20
1	15384	C	C	T	216	216	0	20
1	15462	C	C	A	20	216	0	20
1	15510	C	C	T	0	216	0	20
1	15545	C	C	A	109	216	0	20
1	15553	G	G	A	91	216	0	20
1	15658	G	G	T	0	216	0	20
1	15672	A	A	C	0	216	7	20
1	15673	G	G	C	0	216	0	20
1	15676	C	C	T	216	216	19	20
1	15682	C	C	T	125	216	0	20
1	15826	G	G	T	0	216	0	20
1	15857	A	A	C	16	216	0	20
1	15863	C	C	T	0	216	4	20
1	15888	A	A	C	216	216	4	20
1	15909	A	A	T	0	216	0	20
1	15916	T	T	C	0	216	0	20
1	15947	A	A	G	91	216	0	20
1	15961	G	G	T	0	216	1	20
1	16007	T	T	A	0	216	2	20
1	16030	A	A	G	0	216	0	20
1	16096	A	A	T	11	216	0	20
1	16142	T	T	G	0	216	4	20
1	16147	G	G	A	3	216	0	20
1	16230	T	T	A	0	216	0	20
1	16237	C	C	G	130	216	0	20
1	16242	C	C	A	89	216	0	20
1	16248	T	T	C	0	216	0	20
1	16272	G	G	A	0	216	1	20
1	16355	A	A	C	130	216	0	20
1	16372	T	T	C	0	216	0	20
1	16419	C	C	G	216	216	0	20
1	16465	A	A	T	0	216	4	20
1	16488	C	C	A	216	216	0	20
1	16576	T	T	G	216	216	0	20
1	16618	A	A	T	0	216	0	20
1	16630	T	T	C	0	216	0	20
1	16640	T	T	C	130	216	0	20
1	16677	T	T	C	0	216	0	20
1	16681	A	A	T	0	216	0	20
1	16684	C	C	A	216	216	0	20
1	16697	T	T	G	216	216	0	20
1	16773	A	A	C	0	216	0	20
1	16785	A	A	G	0	216	0	20
1	16789	T	T	A	0	216	0	20
1	16862	T	T	G	0	216	1	20
1	16904	T	T	G	216	216	0	20
1	16926	A	A	C	40	216	0	20
1	17032	G	G	T	0	216	4	20
1	17060	T	T	G	0	216	0	20
1	17064	A	A	T	216	216	0	20
1	17151	G	G	A	22	216	0	20
1	17157	T	T	A	216	216	0	20
1	17254	C	C	A	13	216	0	20
1	17323	A	A	C	0	216	4	20
1	17327	T	T	C	0	216	0	20
1	17357	T	T	G	216	216	0	20
1	17421	C	C	T	0	216	0	20
1	17434	C	C	A	128	216	0	20
1	17448	C	C	A	216	216	11	20
1	17456	C	C	T	23	216	0	20
1	17462	T	T	C	0	216	2	20
1	17475	A	A	T	0	216	1	20
1	17496	C	C	G	0	216	3	20
1	17498	C	C	G	0	216	0	20
1	17536	G	G	C	0	216	0	20
1	17575	C	C	G	0	216	0	20
1	17681	T	T	G	216	216	0	20
1	17689	C	C	T	216	216	0	20
1	17714	G	G	T	0	216	0	20
1	17739	C	C	T	216	216	0	20
1	17753	T	T	A	98	216	0	20
1	17821	G	G	C	216	216	0	20
1	17839	T	T	A	0	216	1	20
1	17840	G	G	C	216	216	0	20
1	17872	G	G	A	0	216	2	20
1	17903	C	C	A	0	216	1	20
1	17948	C	C	A	14	216	0	20
1	18059	C	C	A	0	216	4	20
1	18158	T	T	G	0	216	0	20
1	18190	T	T	G	1	216	0	20
1	18195	T	T	C	0	216	0	20
1	18268	T	T	A	0	216	2	20
1	18285	C	C	A	0	216	3	20
1	18288	A	A	T	0	216	0	20
1	18321	G	G	C	216	216	0	20
1	18362	G	G	A	0	216	0	20
1	18381	T	T	A	216	216	0	20
1	18479	C	C	A	216	216	0	20
1	18574	G	G	C	0	216	0	20
1	18576	C	C	A	216	216	0	20
1	18599	A	A	G	216	216	0	20
1	18629	T	T	G	0	216	0	20
1	18643	A	A	G	0	216	0	20
1	18659	C	C	G	0	216	0	20
1	18670	T	T	A	216	216	0	20
1	18702	C	C	G	216	216	0	20
1	18706	A	A	T	0	216	1	20
1	18823	A	A	G	216	216	0	20
1	18869	C	C	A	10	216	0	20
1	18899	A	A	G	13	216	0	20
1	18914	T	T	G	216	216	0	20
1	18917	A	A	T	0	216	0	20
1	18955	G	G	T	216	216	0	20
1	19043	A	A	C	0	216	0	20
1	19061	T	T	A	127	216	0	20
1	19120	G	G	C	216	216	0	20
1	19165	T	T	C	13	216	0	20
1	19190	T	T	G	0	216	7	20
1	19200	A	A	G	216	216	0	20
1	19238	A	A	C	0	216	0	20
1	19391	G	G	T	0	216	1	20
1	19399	C	C	T	2	216	0	20
1	19407	C	C	A	0	216	0	20
1	19410	A	A	T	0	216	3	20
1	19411	C	C	A	5	216	0	20
1	19412	G	G	C	216	216	0	20
1	19431	C	C	T	216	216	0	20
1	19437	T	T	C	0	216	0	20
1	19444	G	G	T	216	216	0	20
1	19470	G	G	A	69	216	0	20
1	19472	G	G	A	0	216	0	20
1	19478	A	A	T	216	216	0	20
1	19569	T	T	C	216	216	0	20
1	19591	C	C	A	1	216	0	20
1	19610	G	G	A	0	216	0	20
1	19748	G	G	A	26	216	0	20
1	19831	T	T	A	0	216	7	20
1	19873	C	C	G	1	216	0	20
1	19884	C	C	T	0	216	0	20
1	19980	G	G	C	0	216	0	20
1	20023	T	T	A	216	216	0	20
1	20058	A	A	G	0	216	4	20
1	20059	A	A	T	2	216	0	20
1	20124	T	T	A	0	216	0	20
1	20193	A	A	C	216	216	0	20
1	20250	C	C	T	0	216	0	20
1	20266	C	C	T	0	216	2	20
1	20272	A	A	C	0	216	5	20
1	20329	C	C	A	216	216	0	20
1	20331	A	A	G	0	216	0	20
1	20343	T	T	A	6	216	0	20
1	20346	A	A	T	216	216	0	20
1	20382	A	A	T	216	216	0	20
1	20416	C	C	G	0	216	0	20
1	20443	C	C	G	1	216	0	20
1	20473	G	G	A	8	216	0	20
1	20492	T	T	C	0	216	0	20
1	20517	T	T	A	216	216	0	20
1	20526	C	C	A	216	216	0	20
1	20588	A	A	G	1	216	0	20
1	20647	A	A	C	16	216	0	20
1	20741	T	T	G	0	216	0	20
1	20777	A	A	T	216	216	0	20
1	20780	T	T	C	216	216	0	20
1	20838	A	A	T	0	216	0	20
1	20871	A	A	C	0	216	12	20
1	20880	T	T	A	0	216	1	20
1	20959	G	G	A	216	216	0	20
1	20969	G	G	C	216	216	1	20
1	20984	G	G	A	0	216	0	20
1	21057	C	C	T	216	216	0	20
1	21109	A	A	T	0	216	0	20
1	21242	A	A	T	0	216	0	20
1	21274	G	G	T	1	216	0	20
1	21330	G	G	A	216	216	19	20
1	21351	T	T	A	0	216	0	20
1	21366	T	T	C	0	216	0	20
1	21383	A	A	T	4	216	0	20
1	21403	A	A	C	216	216	0	20
1	21443	C	C	T	216	216	13	20
1	21477	T	T	G	216	216	0	20
1	21499	T	T	C	0	216	0	20
1	21509	T	T	G	216	216	0	20
1	21526	C	C	T	216	216	0	20
1	21541	A	A	T	0	216	0	20
1	21692	C	C	T	0	216	0	20
1	21758	T	T	A	0	216	0	20
1	21763	G	G	T	0	216	1	20
1	21787	T	T	G	0	216	0	20
1	21816	A	A	T	0	216	0	20
1	21838	A	A	G	0	216	0	20
1	21840	A	A	G	0	216	0	20
1	21941	T	T	C	216	216	0	20
1	22021	G	G	C	216	216	0	20
1	22046	T	T	G	216	216	0	20
1	22128	C	C	G	216	216	0	20
1	22148	G	G	C	216	216	0	20
1	22154	C	C	T	216	216	19	20
1	22195	T	T	G	35	216	0	20
1	22234	C	C	A	0	216	0	20
1	22284	C	C	A	0	216	14	20
1	22375	T	T	G	0	216	0	20
1	22408	C	C	A	0	216	0	20
1	22432	G	G	T	0	216	1	20
1	22477	A	A	C	0	216	0	20
1	22588	T	T	C	3	216	0	20
1	22594	G	G	A	216	216	0	20
1	22626	G	G	A	216	216	0	20
1	22687	T	T	G	216	216	0	20
1	22721	A	A	T	216	216	0	20
1	22739	T	T	G	2	216	0	20
1	22753	G	G	A	0	216	1	20
1	22776	A	A	T	0	216	0	20
1	22788	T	T	G	13	216	0	20
1	22799	T	T	A	216	216	0	20
1	22806	T	T	G	1	216	0	20
1	22825	C	C	A	216	216	0	20
1	22850	G	G	A	0	216	0	20
1	22852	A	A	C	13	216	0	20
1	22919	T	T	C	1	216	0	20
1	22925	G	G	A	1	216	0	20
1	22934	C	C	A	0	216	0	20
1	22951	A	A	T	216	216	0	20
1	23097	G	G	A	216	216	0	20
1	23200	G	G	A	0	216	0	20
1	23218	C	C	T	216	216	0	20
1	23335	C	C	A	14	216	0	20
1	23340	T	T	C	0	216	0	20
1	23378	A	A	T	216	216	0	20
1	23425	G	G	T	181	216	0	20
1	23464	A	A	G	216	216	0	20
1	23483	A	A	T	216	216	14	20
1	23497	G	G	C	0	216	0	20
1	23535	T	T	A	216	216	14	20
1	23538	G	G	C	0	216	0	20
1	23602	T	T	C	0	216	0	20
1	23633	A	A	C	0	216	0	20
1	23634	T	T	C	216	216	0	20
1	23849	A	A	C	35	216	0	20
1	23900	A	A	C	0	216	2	20
1	23956	A	A	T	13	216	0	20
1	23980	T	T	G	5	216	0	20
1	23989	A	A	G	216	216	0	20
1	24029	C	C	T	0	216	4	20
1	24080	A	A	G	216	216	0	20
1	24143	C	C	T	7	216	0	20
1	24169	C	C	A	0	216	2	20
1	24181	C	C	T	216	216	0	20
1	24197	G	G	A	76	216	0	20
1	24330	G	G	C	23	216	0	20
1	24367	G	G	C	62	216	0	20
1	24371	C	C	G	216	216	0	20
1	24401	A	A	C	1	216	0	20
1	24408	T	T	A	1	216	0	20
1	24421	G	G	A	22	216	0	20
1	24452	C	C	T	216	216	0	20
1	24467	C	C	A	216	216	0	20
1	24483	T	T	A	15	216	0	20
1	24514	T	T	C	13	216	0	20
1	24525	C	C	G	11	216	0	20
1	24543	A	A	C	15	216	0	20
1	24549	G	G	C	216	216	0	20
1	24552	G	G	C	216	216	0	20
1	24562	A	A	G	216	216	0	20
1	24637	G	G	T	22	216	0	20
1	24645	C	C	T	0	216	0	20
1	24732	T	T	C	0	216	1	20
1	24781	G	G	T	2	216	0	20
1	24793	A	A	T	194	216	0	20
1	24800	G	G	T	216	216	0	20
1	24983	A	A	T	216	216	0	20
1	25162	G	G	C	1	216	0	20
1	25206	G	G	A	0	216	0	20
1	25212	A	A	C	1	216	0	20
1	25273	G	G	A	14	216	0	20
1	25342	C	C	A	216	216	0	20
1	25428	G	G	C	216	216	0	20
1	25477	G	G	A	216	216	0	20
1	25510	G	G	A	0	216	0	20
1	25527	A	A	G	216	216	0	20
1	25562	T	T	A	130	216	0	20
1	25569	A	A	G	216	216	0	20
1	25600	G	G	C	8	216	0	20
1	25614	T	T	A	2	216	0	20
1	25680	T	T	A	0	216	0	20
1	25685	T	T	A	216	216	0	20
1	25715	G	G	A	25	216	0	20
1	25751	T	T	G	0	216	1	20
1	25756	A	A	G	130	216	0	20
1	25777	A	A	C	0	216	0	20
1	25787	C	C	G	0	216	0	20
1	25801	T	T	G	216	216	0	20
1	25858	G	G	A	130	216	0	20
1	25918	T	T	A	216	216	0	20
1	25947	A	A	G	0	216	12	20
1	26072	G	G	A	216	216	0	20
1	26129	G	G	C	1	216	0	20
1	26153	C	C	A	216	216	0	20
1	26170	C	C	A	0	216	0	20
1	26191	T	T	A	22	216	0	20
1	26260	T	T	G	0	216	0	20
1	26301	G	G	C	0	216	0	20
1	26325	A	A	G	0	216	0	20
1	26349	G	G	C	0	216	0	20
1	26368	A	A	C	0	216	2	20
1	26378	G	G	T	216	216	0	20
1	26414	A	A	G	0	216	0	20
1	26441	C	C	G	216	216	0	20
1	26451	T	T	C	216	216	0	20
1	26469	A	A	C	0	216	3	20
1	26486	C	C	A	0	216	4	20
1	26509	C	C	T	0	216	0	20
1	26525	T	T	A	0	216	0	20
1	26584	C	C	A	216	216	0	20
1	26641	T	T	G	23	216	0	20
1	26652	C	C	G	0	216	0	20
1	26705	C	C	A	216	216	11	20
1	26709	G	G	A	23	216	0	20
1	26722	A	A	G	0	216	1	20
1	26730	C	C	G	216	216	15	20
1	26744	G	G	A	216	216	0	20
1	26751	C	C	G	216	216	0	20
1	26778	T	T	C	0	216	0	20
1	26830	T	T	A	36	216	0	20
1	26897	C	C	A	216	216	0	20
1	26923	T	T	A	0	216	0	20
1	27106	C	C	G	0	216	0	20
1	27123	G	G	A	148	216	0	20
1	27135	T	T	A	216	216	0	20
1	27145	T	T	G	216	216	15	20
1	27180	A	A	G	15	216	0	20
1	27201	T	T	G	77	216	0	20
1	27255	A	A	T	1	216	0	20
1	27260	C	C	G	0	216	2	20
1	27298	T	T	C	216	216	0	20
1	27323	T	T	C	216	216	0	20
1	27362	G	G	C	0	216	0	20
1	27372	G	G	T	216	216	0	20
1	27396	G	G	A	0	216	0	20
1	27398	T	T	G	216	216	0	20
1	27417	A	A	C	15	216	0	20
1	27424	C	C	A	216	216	0	20
1	27481	G	G	C	0	216	3	20
1	27496	G	G	A	0	216	0	20
1	27516	A	A	T	93	216	0	20
1	27521	A	A	C	216	216	0	20
1	27532	T	T	A	216	216	0	20
1	27586	A	A	G	0	216	0	20
1	27604	T	T	C	0	216	0	20
1	27671	A	A	C	216	216	0	20
1	27696	C	C	G	216	216	0	20
1	27709	A	A	T	0	216	1	20
1	27737	G	G	C	216	216	0	20
1	27781	A	A	G	216	216	0	20
1	27791	T	T	G	216	216	0	20
1	27834	T	T	A	216	216	0	20
1	27838	G	G	T	0	216	1	20
1	27891	G	G	T	216	216	0	20
1	27937	A	A	C	60	216	0	20
1	28026	T	T	G	216	216	11	20
1	28245	C	C	T	2	216	0	20
1	28278	C	C	A	216	216	0	20
1	28295	G	G	T	216	216	0	20
1	28301	G	G	A	0	216	0	20
1	28321	A	A	T	0	216	0	20
1	28346	G	G	A	0	216	0	20
1	28355	G	G	A	3	216	0	20
1	28431	A	A	T	0	216	0	20
1	28449	C	C	A	216	216	0	20
1	28469	C	C	G	216	216	0	20
1	28493	G	G	T	216	216	0	20
1	28507	T	T	A	0	216	0	20
1	28588	A	A	G	0	216	11	20
1	28653	T	T	A	0	216	1	20
1	28684	G	G	C	0	216	0	20
1	28686	G	G	A	0	216	0	20
1	28709	T	T	C	0	216	11	20
1	28710	T	T	A	216	216	0	20
1	28729	C	C	A	9	216	0	20
1	28745	C	C	G	15	216	0	20
1	28757	G	G	T	0	216	0	20
1	28759	T	T	G	216	216	0	20
1	28808	T	T	A	216	216	0	20
1	28813	T	T	G	0	216	0	20
1	28839	A	A	G	0	216	0	20
1	28915	A	A	C	0	216	0	20
1	28935	T	T	A	157	216	0	20
1	29025	G	G	C	0	216	1	20
1	29080	T	T	G	0	216	0	20
1	29081	C	C	A	11	216	0	20
1	29128	A	A	G	216	216	0	20
1	29131	C	C	A	157	216	0	20
1	29228	A	A	T	0	216	0	20
1	29286	A	A	G	216	216	0	20
1	29330	T	T	G	216	216	0	20
1	29417	A	A	C	216	216	0	20
1	29427	T	T	C	11	216	0	20
1	29432	G	G	C	216	216	0	20
1	29436	T	T	G	216	216	0	20
1	29481	T	T	G	26	216	0	20
1	29491	T	T	G	216	216	0	20
1	29547	G	G	A	216	216	0	20
1	29560	G	G	C	0	216	11	20
1	29615	C	C	T	5	216	0	20
1	29699	C	C	A	216	216	0	20
1	29714	T	T	C	216	216	0	20
1	29737	T	T	C	8	216	0	20
1	29793	C	C	A	2	216	0	20
1	29825	T	T	A	216	216	0	20
1	29846	G	G	C	216	216	11	20
1	29896	C	C	G	216	216	0	20
