CHR	POS	ANC	REF	ALT	tx_1	tn_1	tx_2	tn_2
1	92	A	A	C	216	216	0	2
1	177	C	C	A	216	216	0	2
1	283	T	T	C	0	216	0	2
1	289	C	C	G	216	216	0	2
1	327	G	G	T	216	216	1	2
1	331	T	T	C	0	216	0	2
1	332	C	C	A	0	216	0	2
1	368	A	A	G	0	216	0	2
1	382	A	A	C	0	216	0	2
1	394	A	A	G	216	216	0	2
1	398	C	C	T	1	216	0	2
1	441	C	C	G	0	216	0	2
1	471	C	C	A	216	216	1	2
1	473	A	A	C	216	216	0	2
1	522	A	A	G	0	216	0	2
1	568	C	C	A	216	216	0	2
1	585	T	T	C	216	216	0	2
1	627	A	A	T	133	216	0	2
1	669	C	C	T	216	216	0	2
1	674	T	T	A	0	216	0	2
1	687	C	C	G	0	216	0	2
1	706	T	T	G	0	216	0	2
1	719	C	C	T	216	216	0	2
1	743	A	A	C	0	216	0	2
1	835	G	G	A	0	216	0	2
1	868	C	C	G	216	216	0	2
1	904	A	A	T	216	216	1	2
1	956	C	C	G	67	216	0	2
1	976	C	C	G	0	216	0	2
1	1053	A	A	G	0	216	0	2
1	1155	A	A	G	5	216	0	2
1	1216	T	T	A	0	216	0	2
1	1290	G	G	T	216	216	0	2
1	1321	C	C	G	216	216	0	2
1	1328	C	C	G	216	216	0	2
1	1336	A	A	G	3	216	0	2
1	1345	G	G	C	0	216	0	2
1	1363	T	T	G	0	216	0	2
1	1365	T	T	G	4	216	0	2
1	1441	T	T	A	4	216	0	2
1	1456	G	G	T	216	216	0	2
1	1483	G	G	C	56	216	0	2
1	1497	T	T	G	0	216	0	2
1	1525	T	T	G	216	216	0	2
1	1561	T	T	A	0	216	0	2
1	1621	C	C	A	0	216	0	2
1	1685	A	A	G	0	216	0	2
1	1714	G	G	A	0	216	0	2
1	1721	G	G	C	0	216	0	2
1	1763	T	T	A	216	216	1	2
1	1798	A	A	C	216	216	0	2
1	1830	G	G	A	2	216	0	2
1	1865	C	C	A	216	216	0	2
1	1866	C	C	T	123	216	0	2
1	1919	G	G	T	216	216	0	2
1	1972	A	A	C	1	216	0	2
1	1981	A	A	G	2	216	0	2
1	1992	T	T	A	0	216	0	2
1	1995	A	A	C	0	216	0	2
1	2031	C	C	A	0	216	0	2
1	2085	G	G	A	216	216	0	2
1	2201	C	C	A	216	216	0	2
1	2212	T	T	A	0	216	0	2
1	2219	T	T	A	1	216	0	2
1	2261	A	A	T	216	216	0	2
1	2296	C	C	T	216	216	0	2
1	2346	A	A	G	0	216	1	2
1	2373	A	A	C	1	216	0	2
1	2376	G	G	A	0	216	1	2
1	2450	T	T	C	14	216	0	2
1	2463	C	C	G	0	216	0	2
1	2496	C	C	T	7	216	0	2
1	2607	T	T	C	0	216	0	2
1	2666	G	G	T	216	216	0	2
1	2766	T	T	G	0	216	0	2
1	2778	A	A	C	0	216	0	2
1	2810	T	T	A	14	216	0	2
1	2819	G	G	A	216	216	0	2
1	2827	A	A	C	216	216	1	2
1	2838	A	A	G	0	216	0	2
1	2861	C	C	A	0	216	0	2
1	2880	G	G	T	216	216	0	2
1	2911	A	A	T	216	216	0	2
1	2953	T	T	A	3	216	0	2
1	2955	C	C	A	216	216	0	2
1	2960	C	C	A	216	216	0	2
1	2969	C	C	T	0	216	0	2
1	2973	A	A	T	0	216	0	2
1	2979	T	T	G	0	216	0	2
1	3030	T	T	G	216	216	0	2
1	3033	T	T	A	26	216	0	2
1	3039	T	T	C	13	216	0	2
1	3048	G	G	T	216	216	1	2
1	3110	T	T	A	0	216	0	2
1	3167	C	C	A	216	216	0	2
1	3196	T	T	A	216	216	0	2
1	3201	A	A	C	0	216	0	2
1	3276	T	T	C	216	216	1	2
1	3279	G	G	A	10	216	0	2
1	3310	T	T	G	1	216	0	2
1	3321	G	G	T	0	216	0	2
1	3339	G	G	T	0	216	0	2
1	3351	T	T	C	216	216	0	2
1	3470	T	T	A	216	216	0	2
1	3476	C	C	G	216	216	1	2
1	3486	T	T	A	2	216	0	2
1	3506	C	C	A	216	216	1	2
1	3536	A	A	G	3	216	0	2
1	3542	G	G	T	216	216	1	2
1	3569	C	C	A	0	216	0	2
1	3604	G	G	T	216	216	0	2
1	3605	T	T	G	216	216	0	2
1	3609	C	C	G	0	216	0	2
1	3627	A	A	G	216	216	0	2
1	3643	T	T	A	0	216	0	2
1	3720	A	A	G	0	216	0	2
1	3725	G	G	T	2	216	0	2
1	3782	G	G	A	216	216	0	2
1	3845	G	G	A	101	216	0	2
1	3880	T	T	C	216	216	0	2
1	3929	A	A	T	216	216	1	2
1	3971	A	A	C	0	216	0	2
1	4001	A	A	G	0	216	0	2
1	4022	T	T	G	216	216	0	2
1	4026	G	G	C	0	216	0	2
1	4034	A	A	T	1	216	0	2
1	4129	T	T	C	216	216	0	2
1	4138	C	C	A	216	216	0	2
1	4162	T	T	G	115	216	0	2
1	4200	G	G	C	0	216	0	2
1	4276	T	T	A	0	216	0	2
1	4341	A	A	T	2	216	0	2
1	4436	C	C	T	0	216	0	2
1	4579	C	C	T	216	216	0	2
1	4590	T	T	C	216	216	0	2
1	4663	T	T	G	21	216	0	2
1	4797	A	A	G	216	216	0	2
1	4841	A	A	G	25	216	0	2
1	4918	C	C	G	0	216	0	2
1	4940	A	A	G	0	216	0	2
1	5062	C	C	G	115	216	0	2
1	5087	C	C	A	0	216	0	2
1	5146	G	G	A	0	216	0	2
1	5176	T	T	C	0	216	0	2
1	5212	T	T	A	216	216	1	2
1	5309	T	T	C	0	216	0	2
1	5321	A	A	G	0	216	0	2
1	5481	G	G	T	1	216	0	2
1	5483	C	C	T	0	216	0	2
1	5507	T	T	A	216	216	0	2
1	5508	T	T	G	0	216	0	2
1	5509	G	G	C	2	216	0	2
1	5522	G	G	C	0	216	1	2
1	5532	C	C	A	216	216	0	2
1	5590	G	G	C	0	216	0	2
1	5657	G	G	T	216	216	0	2
1	5692	A	A	G	216	216	0	2
1	5727	C	C	A	0	216	0	2
1	5807	T	T	C	216	216	0	2
1	5831	T	T	A	101	216	0	2
1	5832	T	T	C	216	216	0	2
1	5855	C	C	T	0	216	0	2
1	5898	A	A	T	216	216	0	2
1	5949	A	A	G	0	216	0	2
1	5954	A	A	C	216	216	1	2
1	5967	G	G	T	0	216	0	2
1	5978	T	T	G	0	216	0	2
1	6052	A	A	C	0	216	0	2
1	6149	C	C	A	0	216	0	2
1	6330	C	C	A	216	216	0	2
1	6438	G	G	A	0	216	0	2
1	6650	T	T	C	216	216	0	2
1	6702	G	G	C	216	216	0	2
1	6738	C	C	G	101	216	0	2
1	6790	C	C	T	37	216	0	2
1	6794	C	C	A	0	216	0	2
1	6901	G	G	C	216	216	0	2
1	6921	G	G	T	216	216	0	2
1	6978	G	G	C	216	216	0	2
1	6994	A	A	C	216	216	0	2
1	7017	T	T	G	2	216	0	2
1	7020	A	A	C	0	216	0	2
1	7049	C	C	G	216	216	0	2
1	7061	G	G	T	0	216	0	2
1	7062	T	T	A	0	216	0	2
1	7080	A	A	C	13	216	0	2
1	7098	A	A	T	216	216	1	2
1	7151	A	A	T	216	216	0	2
1	7161	G	G	A	216	216	0	2
1	7239	A	A	G	216	216	0	2
1	7323	T	T	G	216	216	0	2
1	7332	A	A	C	216	216	0	2
1	7354	A	A	G	216	216	0	2
1	7387	T	T	A	216	216	0	2
1	7394	C	C	G	216	216	0	2
1	7418	C	C	G	2	216	0	2
1	7464	T	T	G	216	216	0	2
1	7580	T	T	C	2	216	0	2
1	7604	C	C	T	115	216	0	2
1	7615	T	T	A	216	216	0	2
1	7640	G	G	A	216	216	0	2
1	7679	T	T	G	216	216	1	2
1	7724	G	G	T	216	216	1	2
1	7730	T	T	C	0	216	0	2
1	7736	G	G	A	216	216	0	2
1	7816	T	T	C	1	216	0	2
1	7822	G	G	C	2	216	0	2
1	7831	T	T	A	216	216	0	2
1	7838	G	G	C	0	216	0	2
1	7899	A	A	G	0	216	0	2
1	7976	A	A	G	0	216	0	2
1	8007	G	G	T	37	216	0	2
1	8097	A	A	C	0	216	0	2
1	8153	T	T	G	0	216	0	2
1	8163	A	A	G	116	216	0	2
1	8165	G	G	A	100	216	0	2
1	8236	A	A	C	31	216	0	2
1	8247	A	A	C	0	216	0	2
1	8251	C	C	T	216	216	0	2
1	8311	A	A	C	216	216	0	2
1	8341	A	A	T	1	216	0	2
1	8344	T	T	G	1	216	0	2
1	8357	C	C	A	216	216	0	2
1	8365	G	G	T	216	216	0	2
1	8440	T	T	C	216	216	0	2
1	8461	G	G	T	216	216	0	2
1	8468	T	T	C	216	216	0	2
1	8474	T	T	G	216	216	0	2
1	8571	C	C	A	216	216	1	2
1	8592	C	C	A	0	216	1	2
1	8594	C	C	T	116	216	0	2
1	8698	G	G	C	0	216	0	2
1	8778	C	C	T	216	216	0	2
1	8793	T	T	C	216	216	0	2
1	8801	C	C	T	0	216	0	2
1	8859	T	T	C	1	216	0	2
1	8883	A	A	T	216	216	1	2
1	8889	T	T	C	0	216	0	2
1	8891	G	G	A	0	216	1	2
1	8905	G	G	C	216	216	0	2
1	8946	T	T	C	216	216	1	2
1	8997	T	T	G	216	216	0	2
1	9011	C	C	A	103	216	0	2
1	9017	A	A	T	0	216	0	2
1	9020	A	A	C	0	216	1	2
1	9061	G	G	A	0	216	1	2
1	9080	A	A	T	1	216	0	2
1	9125	G	G	A	0	216	1	2
1	9137	C	C	G	216	216	0	2
1	9147	C	C	T	0	216	0	2
1	9196	A	A	C	0	216	0	2
1	9248	T	T	A	0	216	0	2
1	9260	T	T	A	0	216	1	2
1	9274	C	C	G	0	216	0	2
1	9298	C	C	T	0	216	0	2
1	9340	G	G	C	0	216	0	2
1	9373	T	T	C	216	216	0	2
1	9427	A	A	G	216	216	1	2
1	9447	A	A	C	0	216	0	2
1	9477	A	A	G	0	216	0	2
1	9497	G	G	A	0	216	1	2
1	9522	A	A	T	99	216	0	2
1	9572	A	A	G	117	216	0	2
1	9586	T	T	G	0	216	0	2
1	9608	T	T	G	216	216	0	2
1	9612	G	G	T	216	216	0	2
1	9625	C	C	T	216	216	0	2
1	9647	A	A	T	216	216	1	2
1	9665	C	C	A	0	216	0	2
1	9695	T	T	C	117	216	0	2
1	9716	G	G	A	20	216	0	2
1	9718	T	T	A	216	216	1	2
1	9763	C	C	G	216	216	1	2
1	9770	C	C	A	99	216	0	2
1	9895	C	C	A	0	216	0	2
1	9932	G	G	T	0	216	1	2
1	9937	G	G	C	216	216	0	2
1	9957	C	C	G	0	216	0	2
1	9962	C	C	A	216	216	1	2
1	9969	G	G	T	1	216	0	2
1	9978	A	A	T	58	216	0	2
1	9985	G	G	A	216	216	0	2
1	10015	T	T	G	0	216	0	2
1	10039	C	C	A	117	216	0	2
1	10042	A	A	C	32	216	0	2
1	10089	C	C	A	0	216	1	2
1	10172	G	G	A	1	216	0	2
1	10227	T	T	G	0	216	0	2
1	10243	A	A	T	0	216	0	2
1	10249	C	C	T	0	216	0	2
1	10268	G	G	A	4	216	0	2
1	10303	T	T	G	0	216	0	2
1	10336	G	G	C	12	216	0	2
1	10406	T	T	C	0	216	0	2
1	10407	T	T	C	2	216	0	2
1	10449	G	G	C	216	216	0	2
1	10450	C	C	T	216	216	0	2
1	10469	A	A	C	216	216	0	2
1	10489	A	A	C	1	216	0	2
1	10497	C	C	A	216	216	0	2
1	10505	T	T	A	1	216	0	2
1	10565	G	G	T	216	216	1	2
1	10669	G	G	T	216	216	0	2
1	10700	G	G	T	0	216	0	2
1	10778	G	G	A	216	216	0	2
1	10926	G	G	A	216	216	0	2
1	10954	G	G	T	216	216	0	2
1	10961	A	A	T	216	216	0	2
1	10968	C	C	T	12	216	0	2
1	11061	A	A	C	216	216	0	2
1	11080	T	T	G	0	216	0	2
1	11123	A	A	T	11	216	0	2
1	11147	T	T	G	216	216	0	2
1	11161	A	A	T	1	216	0	2
1	11228	G	G	A	0	216	1	2
1	11240	T	T	A	1	216	0	2
1	11249	G	G	C	216	216	0	2
1	11252	A	A	T	216	216	1	2
1	11286	T	T	C	3	216	0	2
1	11363	G	G	A	54	216	0	2
1	11414	G	G	A	0	216	0	2
1	11560	G	G	C	216	216	0	2
1	11570	C	C	A	216	216	0	2
1	11607	T	T	A	25	216	0	2
1	11625	T	T	C	216	216	0	2
1	11685	G	G	A	216	216	0	2
1	11698	T	T	A	0	216	0	2
1	11711	T	T	G	216	216	0	2
1	11720	A	A	T	0	216	0	2
1	11860	C	C	G	66	216	0	2
1	11869	A	A	G	150	216	0	2
1	11888	G	G	A	216	216	0	2
1	11978	G	G	T	216	216	0	2
1	12037	C	C	G	216	216	0	2
1	12087	G	G	A	216	216	0	2
1	12092	G	G	A	14	216	0	2
1	12127	A	A	C	0	216	0	2
1	12132	T	T	A	216	216	0	2
1	12152	G	G	T	216	216	0	2
1	12154	T	T	G	216	216	0	2
1	12206	T	T	C	216	216	0	2
1	12248	G	G	C	0	216	0	2
1	12316	G	G	A	216	216	0	2
1	12353	C	C	G	216	216	0	2
1	12410	T	T	A	0	216	0	2
1	12426	A	A	C	216	216	0	2
1	12497	A	A	T	0	216	0	2
1	12562	A	A	C	216	216	0	2
1	12624	C	C	A	216	216	0	2
1	12718	T	T	C	3	216	0	2
1	12735	A	A	G	0	216	0	2
1	12767	G	G	C	0	216	0	2
1	12768	T	T	G	0	216	0	2
1	12783	A	A	T	216	216	0	2
1	12810	T	T	G	216	216	0	2
1	12830	C	C	G	216	216	0	2
1	12857	A	A	G	216	216	0	2
1	12896	T	T	A	52	216	0	2
1	12921	G	G	C	0	216	0	2
1	12953	C	C	G	0	216	0	2
1	12997	G	G	C	216	216	0	2
1	13011	G	G	T	216	216	0	2
1	13108	G	G	T	14	216	0	2
1	13119	A	A	T	216	216	0	2
1	13122	G	G	A	0	216	0	2
1	13134	T	T	C	5	216	0	2
1	13223	A	A	G	216	216	0	2
1	13358	C	C	G	0	216	0	2
1	13368	C	C	T	216	216	0	2
1	13387	G	G	C	193	216	0	2
1	13410	C	C	A	0	216	0	2
1	13476	T	T	A	216	216	0	2
1	13481	C	C	G	0	216	0	2
1	13527	A	A	T	216	216	0	2
1	13571	A	A	C	216	216	0	2
1	13645	T	T	G	0	216	0	2
1	13687	A	A	C	0	216	0	2
1	13700	C	C	T	216	216	0	2
1	13761	G	G	T	0	216	0	2
1	13774	G	G	C	216	216	0	2
1	13777	T	T	G	0	216	0	2
1	13805	A	A	T	1	216	0	2
1	13820	G	G	A	216	216	0	2
1	13881	T	T	C	4	216	0	2
1	13976	G	G	T	216	216	0	2
1	13977	A	A	C	216	216	0	2
1	13985	G	G	T	216	216	0	2
1	13994	T	T	A	216	216	0	2
1	14020	G	G	A	23	216	0	2
1	14110	T	T	C	216	216	0	2
1	14132	C	C	T	216	216	0	2
1	14136	A	A	G	216	216	0	2
1	14159	T	T	A	193	216	0	2
1	14169	A	A	G	1	216	0	2
1	14221	A	A	C	216	216	0	2
1	14233	A	A	T	216	216	0	2
1	14240	T	T	G	0	216	0	2
1	14242	T	T	G	23	216	0	2
1	14251	A	A	G	23	216	0	2
1	14265	A	A	T	216	216	0	2
1	14272	A	A	G	25	216	0	2
1	14331	C	C	G	216	216	0	2
1	14371	A	A	T	0	216	0	2
1	14376	G	G	C	0	216	0	2
1	14439	T	T	C	216	216	0	2
1	14445	C	C	G	0	216	0	2
1	14452	G	G	T	216	216	0	2
1	14534	C	C	T	25	216	0	2
1	14568	G	G	T	0	216	0	2
1	14577	T	T	C	156	216	0	2
1	14583	T	T	A	216	216	0	2
1	14592	C	C	T	10	216	0	2
1	14640	G	G	C	24	216	0	2
1	14660	A	A	T	216	216	0	2
1	14722	T	T	G	216	216	0	2
1	14736	T	T	C	0	216	0	2
1	14772	T	T	A	216	216	0	2
1	14777	G	G	C	216	216	0	2
1	14788	G	G	A	32	216	0	2
1	14794	T	T	C	0	216	0	2
1	14815	G	G	C	0	216	0	2
1	14848	A	A	G	216	216	0	2
1	14852	T	T	A	1	216	0	2
1	14855	T	T	C	216	216	0	2
1	14859	A	A	C	0	216	0	2
1	14868	C	C	G	132	216	0	2
1	14898	T	T	C	216	216	0	2
1	14919	A	A	T	216	216	0	2
1	14943	T	T	G	216	216	0	2
1	14961	G	G	T	45	216	0	2
1	14996	T	T	C	0	216	0	2
1	15001	A	A	G	132	216	0	2
1	15039	G	G	C	216	216	0	2
1	15042	C	C	T	40	216	0	2
1	15081	C	C	T	15	216	0	2
1	15173	A	A	T	132	216	0	2
1	15193	A	A	C	0	216	0	2
1	15194	C	C	G	216	216	0	2
1	15330	C	C	A	216	216	0	2
1	15338	G	G	C	0	216	0	2
1	15349	G	G	C	0	216	0	2
1	15367	C	C	G	216	216	0	2
1	15381	C	C	G	1	216	0	2
1	15477	G	G	C	7	216	0	2
1	15484	T	T	A	0	216	0	2
1	15503	T	T	A	0	216	0	2
1	15571	T	T	C	216	216	0	2
1	15592	G	G	A	0	216	0	2
1	15602	C	C	G	173	216	0	2
1	15639	T	T	G	216	216	0	2
1	15645	C	C	A	216	216	0	2
1	15652	A	A	G	0	216	0	2
1	15663	T	T	A	0	216	0	2
1	15680	A	A	G	0	216	0	2
1	15681	G	G	T	0	216	0	2
1	15702	A	A	G	216	216	0	2
1	15721	C	C	G	40	216	0	2
1	15737	G	G	A	216	216	0	2
1	15840	A	A	C	0	216	0	2
1	15878	G	G	A	0	216	0	2
1	15928	T	T	A	216	216	0	2
1	15998	C	C	A	1	216	0	2
1	16020	G	G	C	1	216	0	2
1	16045	G	G	C	3	216	0	2
1	16070	A	A	G	216	216	0	2
1	16091	T	T	G	216	216	0	2
1	16157	A	A	T	18	216	0	2
1	16198	A	A	T	60	216	0	2
1	16364	C	C	T	0	216	0	2
1	16419	C	C	T	0	216	0	2
1	16441	C	C	G	0	216	0	2
1	16444	C	C	A	18	216	0	2
1	16490	C	C	G	216	216	0	2
1	16555	A	A	G	0	216	0	2
1	16633	G	G	A	216	216	0	2
1	16638	C	C	T	216	216	0	2
1	16647	G	G	C	0	216	0	2
1	16693	A	A	T	0	216	0	2
1	16701	C	C	A	0	216	0	2
1	16866	C	C	G	60	216	0	2
1	16914	A	A	G	5	216	0	2
1	16924	C	C	T	216	216	0	2
1	16936	T	T	A	3	216	0	2
1	17025	G	G	T	216	216	0	2
1	17084	C	C	G	216	216	0	2
1	17228	G	G	A	216	216	0	2
1	17281	A	A	T	36	216	0	2
1	17290	G	G	T	0	216	0	2
1	17319	T	T	A	0	216	0	2
1	17369	A	A	T	25	216	0	2
1	17536	C	C	G	216	216	0	2
1	17552	G	G	T	0	216	0	2
1	17567	C	C	G	157	216	0	2
1	17595	A	A	T	216	216	0	2
1	17599	C	C	G	3	216	0	2
1	17606	T	T	G	216	216	0	2
1	17618	G	G	T	0	216	0	2
1	17666	T	T	C	59	216	0	2
1	17679	T	T	A	216	216	0	2
1	17743	A	A	C	216	216	0	2
1	17752	C	C	T	0	216	0	2
1	17785	T	T	G	2	216	0	2
1	17804	T	T	G	216	216	0	2
1	17887	A	A	G	216	216	0	2
1	17970	G	G	A	24	216	0	2
1	18009	A	A	C	0	216	0	2
1	18046	C	C	T	1	216	0	2
1	18070	C	C	T	216	216	0	2
1	18163	C	C	T	216	216	0	2
1	18189	T	T	G	216	216	0	2
1	18192	G	G	T	32	216	0	2
1	18246	A	A	G	4	216	0	2
1	18393	A	A	T	216	216	0	2
1	18460	C	C	T	0	216	0	2
1	18503	G	G	A	40	216	0	2
1	18509	T	T	G	0	216	0	2
1	18534	C	C	T	0	216	0	2
1	18574	C	C	G	24	216	0	2
1	18601	A	A	G	216	216	0	2
1	18742	A	A	G	216	216	0	2
1	18793	A	A	C	0	216	0	2
1	18832	G	G	A	0	216	0	2
1	18838	T	T	A	216	216	0	2
1	18875	G	G	A	216	216	0	2
1	18956	G	G	T	216	216	0	2
1	19111	T	T	C	0	216	0	2
1	19133	C	C	G	0	216	0	2
1	19193	C	C	G	0	216	0	2
1	19221	A	A	G	213	216	0	2
1	19234	A	A	C	1	216	0	2
1	19295	C	C	G	0	216	0	2
1	19398	G	G	A	216	216	0	2
1	19485	C	C	A	40	216	0	2
1	19498	G	G	A	0	216	0	2
1	19585	A	A	C	216	216	0	2
1	19617	C	C	G	216	216	0	2
1	19671	A	A	G	0	216	0	2
1	19712	G	G	T	0	216	0	2
1	19766	A	A	G	0	216	0	2
1	19788	A	A	C	216	216	0	2
1	19833	A	A	G	0	216	0	2
1	19874	T	T	C	0	216	0	2
1	19879	C	C	A	216	216	0	2
1	19893	A	A	C	0	216	0	2
1	19917	C	C	T	1	216	0	2
1	19924	T	T	C	0	216	0	2
1	19986	T	T	C	3	216	0	2
1	19997	T	T	C	0	216	0	2
1	20033	T	T	C	0	216	0	2
1	20035	C	C	G	216	216	0	2
1	20055	A	A	G	216	216	0	2
1	20111	T	T	A	0	216	0	2
1	20177	G	G	T	0	216	0	2
1	20192	T	T	G	0	216	0	2
1	20196	G	G	T	0	216	0	2
1	20209	G	G	T	216	216	0	2
1	20259	C	C	G	0	216	0	2
1	20266	T	T	C	216	216	0	2
1	20270	C	C	T	0	216	0	2
1	20326	T	T	A	216	216	0	2
1	20417	C	C	G	0	216	0	2
1	20428	G	G	T	0	216	0	2
1	20446	C	C	T	0	216	0	2
1	20453	T	T	C	216	216	0	2
1	20454	A	A	G	0	216	0	2
1	20477	A	A	G	216	216	0	2
1	20488	G	G	A	0	216	0	2
1	20503	A	A	G	1	216	0	2
1	20506	T	T	C	0	216	0	2
1	20606	C	C	A	0	216	0	2
1	20837	A	A	T	216	216	0	2
1	20983	C	C	T	216	216	0	2
1	20998	G	G	T	0	216	0	2
1	21007	A	A	T	216	216	0	2
1	21043	C	C	G	0	216	0	2
1	21047	T	T	C	0	216	0	2
1	21052	A	A	C	11	216	0	2
1	21079	G	G	T	0	216	0	2
1	21094	G	G	T	1	216	0	2
1	21174	A	A	C	0	216	0	2
1	21179	G	G	A	0	216	0	2
1	21211	C	C	T	4	216	0	2
1	21247	G	G	C	0	216	0	2
1	21274	G	G	C	0	216	0	2
1	21356	A	A	T	0	216	0	2
1	21374	A	A	G	0	216	0	2
1	21384	C	C	G	0	216	0	2
1	21463	C	C	G	13	216	0	2
1	21499	C	C	T	0	216	0	2
1	21500	G	G	A	172	216	0	2
1	21592	A	A	T	216	216	0	2
1	21593	T	T	G	0	216	0	2
1	21603	A	A	C	216	216	0	2
1	21665	A	A	C	2	216	0	2
1	21678	A	A	G	6	216	0	2
1	21722	T	T	G	0	216	0	2
1	21723	A	A	T	1	216	0	2
1	21785	C	C	T	0	216	0	2
1	21811	T	T	G	216	216	0	2
1	22014	C	C	A	0	216	0	2
1	22019	G	G	A	216	216	0	2
1	22021	G	G	A	0	216	0	2
1	22028	G	G	T	0	216	0	2
1	22042	A	A	T	1	216	0	2
1	22046	G	G	A	0	216	0	2
1	22056	C	C	T	216	216	0	2
1	22057	C	C	T	0	216	0	2
1	22092	A	A	T	0	216	0	2
1	22095	G	G	T	1	216	0	2
1	22097	A	A	T	0	216	0	2
1	22152	A	A	C	44	216	0	2
1	22228	A	A	G	0	216	0	2
1	22334	A	A	G	0	216	0	2
1	22375	A	A	G	4	216	0	2
1	22413	G	G	T	0	216	0	2
1	22444	A	A	C	0	216	0	2
1	22484	G	G	A	216	216	0	2
1	22485	C	C	T	0	216	0	2
1	22566	T	T	A	216	216	0	2
1	22602	G	G	A	1	216	0	2
1	22603	C	C	T	216	216	1	2
1	22620	A	A	C	216	216	0	2
1	22622	G	G	A	172	216	0	2
1	22650	T	T	G	0	216	0	2
1	22698	T	T	A	216	216	0	2
1	22705	A	A	C	216	216	0	2
1	22723	A	A	G	216	216	0	2
1	22862	T	T	C	216	216	0	2
1	22912	T	T	C	216	216	0	2
1	22928	C	C	A	216	216	0	2
1	22960	G	G	C	216	216	0	2
1	23036	T	T	C	0	216	0	2
1	23048	C	C	A	0	216	0	2
1	23087	C	C	G	216	216	0	2
1	23117	G	G	A	216	216	0	2
1	23165	C	C	A	216	216	0	2
1	23211	G	G	A	216	216	0	2
1	23212	T	T	C	216	216	0	2
1	23228	T	T	A	0	216	0	2
1	23241	T	T	A	0	216	0	2
1	23256	A	A	T	0	216	0	2
1	23262	A	A	G	216	216	0	2
1	23299	A	A	C	6	216	0	2
1	23301	G	G	T	0	216	0	2
1	23310	C	C	G	216	216	0	2
1	23334	C	C	G	55	216	0	2
1	23371	C	C	G	0	216	0	2
1	23373	A	A	C	46	216	0	2
1	23392	C	C	G	4	216	0	2
1	23420	T	T	A	0	216	0	2
1	23440	C	C	A	216	216	0	2
1	23452	G	G	T	0	216	0	2
1	23495	A	A	G	216	216	0	2
1	23527	C	C	T	0	216	0	2
1	23636	T	T	G	216	216	0	2
1	23684	A	A	T	216	216	0	2
1	23686	C	C	T	0	216	0	2
1	23725	A	A	C	10	216	0	2
1	23783	A	A	C	0	216	0	2
1	23806	T	T	C	5	216	0	2
1	23834	A	A	T	6	216	0	2
1	23835	G	G	T	216	216	0	2
1	23958	T	T	G	0	216	0	2
1	24083	A	A	G	0	216	0	2
1	24116	A	A	G	216	216	0	2
1	24118	G	G	A	0	216	0	2
1	24142	G	G	T	45	216	0	2
1	24178	G	G	T	216	216	0	2
1	24184	A	A	C	216	216	0	2
1	24217	A	A	G	2	216	0	2
1	24238	C	C	G	216	216	0	2
1	24275	G	G	C	0	216	0	2
1	24294	C	C	T	216	216	0	2
1	24340	A	A	C	0	216	0	2
1	24365	T	T	G	216	216	0	2
1	24368	T	T	G	216	216	0	2
1	24394	C	C	T	0	216	0	2
1	24452	T	T	G	0	216	0	2
1	24585	T	T	C	0	216	0	2
1	24632	G	G	T	210	216	0	2
1	24636	C	C	A	0	216	0	2
1	24698	T	T	A	6	216	0	2
1	24707	G	G	C	0	216	0	2
1	24764	A	A	T	216	216	0	2
1	24812	C	C	G	216	216	0	2
1	24815	A	A	T	216	216	0	2
1	24840	T	T	G	0	216	0	2
1	24904	C	C	A	0	216	0	2
1	24930	A	A	G	0	216	0	2
1	25015	T	T	G	216	216	0	2
1	25091	C	C	T	1	216	0	2
1	25140	C	C	G	216	216	0	2
1	25192	C	C	T	216	216	0	2
1	25232	C	C	G	0	216	0	2
1	25308	G	G	A	216	216	0	2
1	25314	G	G	A	0	216	0	2
1	25326	C	C	T	216	216	0	2
1	25330	A	A	C	216	216	0	2
1	25353	C	C	A	0	216	0	2
1	25364	T	T	C	0	216	0	2
1	25398	G	G	T	0	216	0	2
1	25423	A	A	T	1	216	0	2
1	25430	A	A	G	0	216	0	2
1	25462	C	C	T	216	216	0	2
1	25466	A	A	G	216	216	0	2
1	25536	G	G	T	2	216	0	2
1	25557	C	C	T	0	216	0	2
1	25636	A	A	G	216	216	0	2
1	25668	T	T	G	216	216	0	2
1	25676	G	G	A	216	216	0	2
1	25696	G	G	A	210	216	0	2
1	25712	T	T	A	216	216	0	2
1	25721	T	T	A	216	216	0	2
1	25742	C	C	T	2	216	0	2
1	25793	T	T	G	0	216	0	2
1	25804	G	G	T	216	216	1	2
1	25806	G	G	T	0	216	0	2
1	25837	T	T	A	0	216	0	2
1	25894	T	T	C	2	216	0	2
1	25992	G	G	A	0	216	0	2
1	26004	A	A	G	0	216	0	2
1	26033	G	G	C	6	216	0	2
1	26117	G	G	C	210	216	0	2
1	26133	G	G	A	2	216	0	2
1	26169	A	A	G	2	216	0	2
1	26229	G	G	C	216	216	0	2
1	26232	C	C	T	216	216	0	2
1	26244	G	G	A	5	216	0	2
1	26300	T	T	C	0	216	0	2
1	26440	T	T	A	216	216	0	2
1	26456	C	C	G	38	216	0	2
1	26479	A	A	G	216	216	0	2
1	26524	A	A	G	216	216	0	2
1	26569	G	G	A	216	216	0	2
1	26616	G	G	A	216	216	0	2
1	26687	G	G	T	216	216	0	2
1	26722	A	A	C	216	216	0	2
1	26763	G	G	A	0	216	0	2
1	26837	G	G	T	216	216	0	2
1	26872	G	G	T	0	216	0	2
1	26886	T	T	G	216	216	0	2
1	26931	C	C	A	0	216	0	2
1	27058	T	T	G	6	216	0	2
1	27104	C	C	G	0	216	0	2
1	27106	T	T	G	216	216	0	2
1	27205	T	T	C	0	216	0	2
1	27211	A	A	C	216	216	0	2
1	27261	C	C	G	0	216	0	2
1	27312	G	G	A	4	216	0	2
1	27342	G	G	T	6	216	0	2
1	27387	C	C	A	0	216	0	2
1	27405	T	T	A	216	216	0	2
1	27414	A	A	G	216	216	0	2
1	27432	G	G	A	0	216	0	2
1	27455	A	A	C	216	216	0	2
1	27495	G	G	A	0	216	0	2
1	27567	A	A	T	0	216	0	2
1	27620	G	G	T	0	216	0	2
1	27651	G	G	T	47	216	0	2
1	27671	C	C	T	216	216	0	2
1	27732	A	A	G	216	216	0	2
1	27743	G	G	T	0	216	0	2
1	27748	T	T	A	216	216	0	2
1	27763	T	T	A	216	216	0	2
1	27779	T	T	G	6	216	0	2
1	27834	A	A	G	0	216	0	2
1	27850	T	T	A	216	216	0	2
1	27933	C	C	A	48	216	0	2
1	27947	A	A	C	2	216	0	2
1	28019	T	T	G	216	216	0	2
1	28035	C	C	T	216	216	0	2
1	28064	A	A	G	216	216	0	2
1	28107	T	T	C	216	216	0	2
1	28112	G	G	T	0	216	0	2
1	28129	C	C	G	2	216	0	2
1	28179	T	T	A	216	216	0	2
1	28254	A	A	C	216	216	0	2
1	28263	C	C	G	216	216	0	2
1	28293	A	A	C	6	216	0	2
1	28421	A	A	G	0	216	0	2
1	28426	T	T	C	216	216	0	2
1	28439	T	T	A	2	216	0	2
1	28449	G	G	C	0	216	0	2
1	28455	G	G	T	111	216	0	2
1	28465	G	G	A	216	216	0	2
1	28494	T	T	A	0	216	0	2
1	28510	A	A	G	216	216	0	2
1	28524	T	T	C	0	216	0	2
1	28546	C	C	A	0	216	0	2
1	28605	A	A	G	0	216	0	2
1	28632	T	T	C	0	216	0	2
1	28669	G	G	C	0	216	0	2
1	28687	T	T	A	0	216	0	2
1	28731	A	A	T	3	216	0	2
1	28742	C	C	G	216	216	0	2
1	28777	G	G	A	216	216	0	2
1	28819	T	T	C	216	216	0	2
1	28821	G	G	C	216	216	0	2
1	28880	C	C	G	216	216	0	2
1	28936	G	G	A	216	216	0	2
1	28953	C	C	A	216	216	0	2
1	28956	T	T	A	8	216	0	2
1	28970	A	A	T	1	216	0	2
1	28971	C	C	T	6	216	0	2
1	28975	T	T	A	216	216	0	2
1	28988	A	A	G	216	216	0	2
1	29018	C	C	A	216	216	0	2
1	29020	C	C	A	216	216	0	2
1	29042	T	T	A	0	216	0	2
1	29049	T	T	G	0	216	0	2
1	29052	C	C	A	0	216	1	2
1	29077	T	T	G	4	216	0	2
1	29106	A	A	T	59	216	0	2
1	29108	T	T	G	0	216	0	2
1	29249	C	C	G	0	216	0	2
1	29253	C	C	A	6	216	0	2
1	29255	T	T	C	0	216	0	2
1	29256	G	G	A	0	216	0	2
1	29258	G	G	C	0	216	1	2
1	29259	T	T	A	53	216	0	2
1	29322	C	C	G	216	216	0	2
1	29375	A	A	C	216	216	0	2
1	29377	A	A	C	157	216	0	2
1	29427	C	C	G	216	216	0	2
1	29436	A	A	G	0	216	0	2
1	29484	C	C	T	216	216	0	2
1	29501	T	T	C	216	216	0	2
1	29590	C	C	A	216	216	0	2
1	29592	T	T	C	0	216	0	2
1	29642	T	T	G	216	216	0	2
1	29669	G	G	T	0	216	0	2
1	29686	C	C	G	0	216	0	2
1	29727	G	G	T	0	216	0	2
1	29734	A	A	T	53	216	0	2
1	29761	T	T	C	0	216	0	2
1	29795	A	A	T	1	216	0	2
1	29915	C	C	A	0	216	0	2
1	29992	G	G	T	11	216	0	2
