CHR	POS	REF	ALT	tx_1	tn_1	tx_2	tn_2
1	92	A	C	20	20	20	20
1	177	C	A	20	20	20	20
1	283	T	C	0	20	0	20
1	289	C	G	0	20	0	20
1	327	G	T	0	20	0	20
1	331	T	C	0	20	0	20
1	332	C	A	0	20	0	20
1	368	A	G	0	20	0	20
1	382	A	C	0	20	0	20
1	394	A	G	20	20	20	20
1	398	C	T	0	20	1	20
1	441	C	G	0	20	0	20
1	471	C	A	0	20	0	20
1	473	A	C	20	20	20	20
1	522	A	G	0	20	0	20
1	568	C	A	20	20	20	20
1	585	T	C	0	20	0	20
1	627	A	T	13	20	13	20
1	669	C	T	0	20	0	20
1	674	T	A	0	20	0	20
1	687	C	G	0	20	0	20
1	706	T	G	0	20	0	20
1	719	C	T	20	20	20	20
1	743	A	C	0	20	0	20
1	835	G	A	0	20	0	20
1	868	C	G	20	20	20	20
1	904	A	T	0	20	0	20
1	956	C	G	7	20	9	20
1	976	C	G	0	20	0	20
1	1053	A	G	0	20	0	20
1	1155	A	G	0	20	0	20
1	1216	T	A	0	20	0	20
1	1290	G	T	20	20	20	20
1	1321	C	G	0	20	0	20
1	1328	C	G	0	20	0	20
1	1336	A	G	0	20	0	20
1	1345	G	C	0	20	0	20
1	1363	T	G	20	20	20	20
1	1365	T	G	0	20	1	20
1	1441	T	A	0	20	1	20
1	1456	G	T	20	20	20	20
1	1483	G	C	5	20	3	20
1	1497	T	G	0	20	0	20
1	1525	T	G	20	20	20	20
1	1561	T	A	0	20	0	20
1	1621	C	A	20	20	20	20
1	1685	A	G	0	20	0	20
1	1714	G	A	0	20	0	20
1	1721	G	C	0	20	0	20
1	1763	T	A	0	20	0	20
1	1798	A	C	0	20	0	20
1	1830	G	A	0	20	1	20
1	1865	C	A	20	20	20	20
1	1866	C	T	12	20	12	20
1	1919	G	T	0	20	0	20
1	1972	A	C	0	20	0	20
1	1981	A	G	0	20	0	20
1	1992	T	A	0	20	0	20
1	1995	A	C	0	20	0	20
1	2031	C	A	0	20	0	20
1	2085	G	A	20	20	20	20
1	2201	C	A	0	20	0	20
1	2212	T	A	0	20	0	20
1	2219	T	A	0	20	0	20
1	2261	A	T	0	20	0	20
1	2296	C	T	0	20	0	20
1	2346	A	G	0	20	0	20
1	2373	A	C	0	20	0	20
1	2376	G	A	0	20	0	20
1	2450	T	C	3	20	1	20
1	2463	C	G	0	20	0	20
1	2496	C	T	0	20	0	20
1	2607	T	C	0	20	0	20
1	2666	G	T	0	20	0	20
1	2766	T	G	0	20	0	20
1	2778	A	C	0	20	0	20
1	2810	T	A	3	20	1	20
1	2819	G	A	0	20	0	20
1	2827	A	C	0	20	0	20
1	2838	A	G	0	20	0	20
1	2861	C	A	0	20	0	20
1	2880	G	T	20	20	20	20
1	2911	A	T	0	20	0	20
1	2953	T	A	1	20	0	20
1	2955	C	A	20	20	20	20
1	2960	C	A	0	20	0	20
1	2969	C	T	0	20	0	20
1	2973	A	T	0	20	0	20
1	2979	T	G	0	20	0	20
1	3030	T	G	20	20	20	20
1	3033	T	A	4	20	1	20
1	3039	T	C	0	20	1	20
1	3048	G	T	0	20	0	20
1	3110	T	A	0	20	0	20
1	3167	C	A	20	20	20	20
1	3196	T	A	20	20	20	20
1	3201	A	C	0	20	0	20
1	3276	T	C	0	20	0	20
1	3279	G	A	1	20	1	20
1	3310	T	G	0	20	0	20
1	3321	G	T	0	20	0	20
1	3339	G	T	0	20	0	20
1	3351	T	C	0	20	0	20
1	3470	T	A	20	20	20	20
1	3476	C	G	0	20	0	20
1	3486	T	A	0	20	1	20
1	3506	C	A	0	20	0	20
1	3536	A	G	1	20	0	20
1	3542	G	T	0	20	0	20
1	3569	C	A	0	20	0	20
1	3604	G	T	0	20	0	20
1	3605	T	G	0	20	0	20
1	3609	C	G	20	20	20	20
1	3627	A	G	0	20	0	20
1	3643	T	A	0	20	0	20
1	3720	A	G	0	20	0	20
1	3725	G	T	0	20	0	20
1	3782	G	A	20	20	20	20
1	3845	G	A	11	20	9	20
1	3880	T	C	0	20	0	20
1	3929	A	T	0	20	0	20
1	3971	A	C	0	20	0	20
1	4001	A	G	0	20	0	20
1	4022	T	G	0	20	0	20
1	4026	G	C	0	20	0	20
1	4034	A	T	0	20	0	20
1	4129	T	C	20	20	20	20
1	4138	C	A	20	20	20	20
1	4162	T	G	9	20	11	20
1	4200	G	C	0	20	0	20
1	4276	T	A	0	20	0	20
1	4341	A	T	0	20	0	20
1	4436	C	T	0	20	0	20
1	4579	C	T	0	20	0	20
1	4590	T	C	0	20	0	20
1	4663	T	G	4	20	1	20
1	4797	A	G	0	20	0	20
1	4841	A	G	5	20	2	20
1	4918	C	G	0	20	0	20
1	4940	A	G	0	20	0	20
1	5062	C	G	9	20	11	20
1	5087	C	A	0	20	0	20
1	5146	G	A	0	20	0	20
1	5176	T	C	0	20	0	20
1	5212	T	A	0	20	0	20
1	5309	T	C	0	20	0	20
1	5321	A	G	0	20	0	20
1	5481	G	T	0	20	0	20
1	5483	C	T	0	20	0	20
1	5507	T	A	20	20	20	20
1	5508	T	G	0	20	0	20
1	5509	G	C	0	20	1	20
1	5522	G	C	0	20	0	20
1	5532	C	A	0	20	0	20
1	5590	G	C	0	20	0	20
1	5657	G	T	0	20	0	20
1	5692	A	G	20	20	20	20
1	5727	C	A	0	20	0	20
1	5807	T	C	0	20	0	20
1	5831	T	A	11	20	9	20
1	5832	T	C	0	20	0	20
1	5855	C	T	0	20	0	20
1	5898	A	T	20	20	20	20
1	5949	A	G	0	20	0	20
1	5954	A	C	0	20	0	20
1	5967	G	T	0	20	0	20
1	5978	T	G	0	20	0	20
1	6052	A	C	0	20	0	20
1	6149	C	A	0	20	0	20
1	6330	C	A	0	20	0	20
1	6438	G	A	0	20	0	20
1	6650	T	C	20	20	20	20
1	6702	G	C	0	20	0	20
1	6738	C	G	11	20	9	20
1	6790	C	T	5	20	5	20
1	6794	C	A	0	20	0	20
1	6901	G	C	0	20	0	20
1	6921	G	T	0	20	0	20
1	6978	G	C	0	20	0	20
1	6994	A	C	20	20	20	20
1	7017	T	G	0	20	0	20
1	7020	A	C	0	20	0	20
1	7049	C	G	0	20	0	20
1	7061	G	T	0	20	0	20
1	7062	T	A	0	20	0	20
1	7080	A	C	3	20	1	20
1	7098	A	T	0	20	0	20
1	7151	A	T	0	20	0	20
1	7161	G	A	20	20	20	20
1	7239	A	G	0	20	0	20
1	7323	T	G	20	20	20	20
1	7332	A	C	0	20	0	20
1	7354	A	G	0	20	0	20
1	7387	T	A	20	20	20	20
1	7394	C	G	20	20	20	20
1	7418	C	G	0	20	1	20
1	7464	T	G	0	20	0	20
1	7580	T	C	0	20	0	20
1	7604	C	T	9	20	11	20
1	7615	T	A	0	20	0	20
1	7640	G	A	0	20	0	20
1	7679	T	G	0	20	0	20
1	7724	G	T	0	20	0	20
1	7730	T	C	0	20	0	20
1	7736	G	A	0	20	0	20
1	7816	T	C	1	20	0	20
1	7822	G	C	0	20	0	20
1	7831	T	A	0	20	0	20
1	7838	G	C	0	20	0	20
1	7899	A	G	0	20	0	20
1	7976	A	G	0	20	0	20
1	8007	G	T	5	20	5	20
1	8097	A	C	0	20	0	20
1	8153	T	G	0	20	0	20
1	8163	A	G	9	20	11	20
1	8165	G	A	11	20	9	20
1	8236	A	C	0	20	1	20
1	8247	A	C	0	20	0	20
1	8251	C	T	20	20	20	20
1	8311	A	C	20	20	20	20
1	8341	A	T	0	20	0	20
1	8344	T	G	0	20	1	20
1	8357	C	A	20	20	20	20
1	8365	G	T	20	20	20	20
1	8440	T	C	0	20	0	20
1	8461	G	T	20	20	20	20
1	8468	T	C	0	20	0	20
1	8474	T	G	20	20	20	20
1	8571	C	A	0	20	0	20
1	8592	C	A	0	20	0	20
1	8594	C	T	9	20	11	20
1	8698	G	C	0	20	0	20
1	8778	C	T	20	20	20	20
1	8793	T	C	0	20	0	20
1	8801	C	T	0	20	0	20
1	8859	T	C	0	20	1	20
1	8883	A	T	0	20	0	20
1	8889	T	C	0	20	0	20
1	8891	G	A	0	20	0	20
1	8905	G	C	20	20	20	20
1	8946	T	C	0	20	0	20
1	8997	T	G	0	20	0	20
1	9011	C	A	11	20	9	20
1	9017	A	T	0	20	0	20
1	9020	A	C	0	20	0	20
1	9061	G	A	0	20	0	20
1	9080	A	T	0	20	0	20
1	9125	G	A	0	20	0	20
1	9137	C	G	0	20	0	20
1	9147	C	T	0	20	0	20
1	9196	A	C	0	20	0	20
1	9248	T	A	0	20	0	20
1	9260	T	A	0	20	0	20
1	9274	C	G	0	20	0	20
1	9298	C	T	0	20	0	20
1	9340	G	C	0	20	0	20
1	9373	T	C	0	20	0	20
1	9427	A	G	0	20	0	20
1	9447	A	C	0	20	0	20
1	9477	A	G	0	20	0	20
1	9497	G	A	0	20	0	20
1	9522	A	T	11	20	8	20
1	9572	A	G	9	20	12	20
1	9586	T	G	0	20	0	20
1	9608	T	G	0	20	0	20
1	9612	G	T	0	20	0	20
1	9625	C	T	20	20	20	20
1	9647	A	T	0	20	0	20
1	9665	C	A	0	20	0	20
1	9695	T	C	9	20	12	20
1	9716	G	A	2	20	2	20
1	9718	T	A	0	20	0	20
1	9763	C	G	0	20	0	20
1	9770	C	A	11	20	8	20
1	9895	C	A	20	20	20	20
1	9932	G	T	0	20	0	20
1	9937	G	C	20	20	20	20
1	9957	C	G	0	20	0	20
1	9962	C	A	0	20	0	20
1	9969	G	T	0	20	1	20
1	9978	A	T	5	20	3	20
1	9985	G	A	0	20	0	20
1	10015	T	G	0	20	0	20
1	10039	C	A	9	20	12	20
1	10042	A	C	0	20	0	20
1	10089	C	A	0	20	0	20
1	10172	G	A	1	20	0	20
1	10227	T	G	0	20	0	20
1	10243	A	T	0	20	0	20
1	10249	C	T	0	20	0	20
1	10268	G	A	0	20	0	20
1	10303	T	G	20	20	20	20
1	10336	G	C	2	20	1	20
1	10406	T	C	0	20	0	20
1	10407	T	C	0	20	0	20
1	10449	G	C	0	20	0	20
1	10450	C	T	20	20	20	20
1	10469	A	C	20	20	20	20
1	10489	A	C	0	20	0	20
1	10497	C	A	0	20	0	20
1	10505	T	A	0	20	0	20
1	10565	G	T	0	20	0	20
1	10669	G	T	0	20	0	20
1	10700	G	T	0	20	0	20
1	10778	G	A	0	20	0	20
1	10926	G	A	0	20	0	20
1	10954	G	T	0	20	0	20
1	10961	A	T	20	20	20	20
1	10968	C	T	2	20	1	20
1	11061	A	C	20	20	20	20
1	11080	T	G	0	20	0	20
1	11123	A	T	1	20	3	20
1	11147	T	G	20	20	20	20
1	11161	A	T	0	20	0	20
1	11228	G	A	0	20	0	20
1	11240	T	A	0	20	0	20
1	11249	G	C	0	20	0	20
1	11252	A	T	0	20	0	20
1	11286	T	C	1	20	0	20
1	11363	G	A	2	20	6	20
1	11414	G	A	0	20	0	20
1	11560	G	C	0	20	0	20
1	11570	C	A	20	20	20	20
1	11607	T	A	4	20	2	20
1	11625	T	C	0	20	0	20
1	11685	G	A	20	20	20	20
1	11698	T	A	0	20	0	20
1	11711	T	G	20	20	20	20
1	11720	A	T	0	20	0	20
1	11860	C	G	11	20	8	20
1	11869	A	G	9	20	12	20
1	11888	G	A	0	20	0	20
1	11978	G	T	0	20	0	20
1	12037	C	G	20	20	20	20
1	12087	G	A	20	20	20	20
1	12092	G	A	0	20	1	20
1	12127	A	C	0	20	0	20
1	12132	T	A	0	20	0	20
1	12152	G	T	20	20	20	20
1	12154	T	G	20	20	20	20
1	12206	T	C	0	20	0	20
1	12248	G	C	0	20	0	20
1	12316	G	A	0	20	0	20
1	12353	C	G	0	20	0	20
1	12410	T	A	0	20	0	20
1	12426	A	C	20	20	20	20
1	12497	A	T	0	20	0	20
1	12562	A	C	20	20	20	20
1	12624	C	A	20	20	20	20
1	12718	T	C	1	20	0	20
1	12735	A	G	0	20	0	20
1	12767	G	C	0	20	0	20
1	12768	T	G	0	20	0	20
1	12783	A	T	20	20	20	20
1	12810	T	G	0	20	0	20
1	12830	C	G	20	20	20	20
1	12857	A	G	0	20	0	20
1	12896	T	A	2	20	5	20
1	12921	G	C	0	20	0	20
1	12953	C	G	0	20	0	20
1	12997	G	C	20	20	20	20
1	13011	G	T	0	20	0	20
1	13108	G	T	0	20	1	20
1	13119	A	T	20	20	20	20
1	13122	G	A	0	20	0	20
1	13134	T	C	0	20	1	20
1	13223	A	G	20	20	20	20
1	13358	C	G	0	20	0	20
1	13368	C	T	0	20	0	20
1	13387	G	C	16	20	18	20
1	13410	C	A	0	20	0	20
1	13476	T	A	0	20	0	20
1	13481	C	G	0	20	0	20
1	13527	A	T	0	20	0	20
1	13571	A	C	0	20	0	20
1	13645	T	G	0	20	0	20
1	13687	A	C	0	20	0	20
1	13700	C	T	20	20	20	20
1	13761	G	T	0	20	0	20
1	13774	G	C	20	20	20	20
1	13777	T	G	0	20	0	20
1	13805	A	T	0	20	0	20
1	13820	G	A	20	20	20	20
1	13881	T	C	0	20	0	20
1	13976	G	T	20	20	20	20
1	13977	A	C	0	20	0	20
1	13985	G	T	20	20	20	20
1	13994	T	A	0	20	0	20
1	14020	G	A	4	20	2	20
1	14110	T	C	20	20	20	20
1	14132	C	T	0	20	0	20
1	14136	A	G	0	20	0	20
1	14159	T	A	16	20	18	20
1	14169	A	G	0	20	0	20
1	14221	A	C	0	20	0	20
1	14233	A	T	0	20	0	20
1	14240	T	G	0	20	0	20
1	14242	T	G	4	20	2	20
1	14251	A	G	4	20	2	20
1	14265	A	T	20	20	20	20
1	14272	A	G	5	20	3	20
1	14331	C	G	0	20	0	20
1	14371	A	T	0	20	0	20
1	14376	G	C	0	20	0	20
1	14439	T	C	0	20	0	20
1	14445	C	G	0	20	0	20
1	14452	G	T	0	20	0	20
1	14534	C	T	5	20	3	20
1	14568	G	T	0	20	0	20
1	14577	T	C	12	20	11	20
1	14583	T	A	20	20	20	20
1	14592	C	T	3	20	0	20
1	14640	G	C	3	20	3	20
1	14660	A	T	0	20	0	20
1	14722	T	G	0	20	0	20
1	14736	T	C	0	20	0	20
1	14772	T	A	0	20	0	20
1	14777	G	C	0	20	0	20
1	14788	G	A	0	20	0	20
1	14794	T	C	0	20	0	20
1	14815	G	C	0	20	0	20
1	14848	A	G	0	20	0	20
1	14852	T	A	0	20	1	20
1	14855	T	C	0	20	0	20
1	14859	A	C	0	20	0	20
1	14868	C	G	8	20	9	20
1	14898	T	C	20	20	20	20
1	14919	A	T	20	20	20	20
1	14943	T	G	0	20	0	20
1	14961	G	T	6	20	4	20
1	14996	T	C	0	20	0	20
1	15001	A	G	8	20	9	20
1	15039	G	C	0	20	0	20
1	15042	C	T	6	20	5	20
1	15081	C	T	0	20	0	20
1	15173	A	T	8	20	9	20
1	15193	A	C	0	20	0	20
1	15194	C	G	0	20	0	20
1	15330	C	A	0	20	0	20
1	15338	G	C	20	20	20	20
1	15349	G	C	0	20	0	20
1	15367	C	G	20	20	20	20
1	15381	C	G	0	20	1	20
1	15477	G	C	0	20	0	20
1	15484	T	A	0	20	0	20
1	15503	T	A	0	20	0	20
1	15571	T	C	0	20	0	20
1	15592	G	A	0	20	0	20
1	15602	C	G	13	20	15	20
1	15639	T	G	0	20	0	20
1	15645	C	A	20	20	20	20
1	15652	A	G	0	20	0	20
1	15663	T	A	20	20	20	20
1	15680	A	G	0	20	0	20
1	15681	G	T	0	20	0	20
1	15702	A	G	0	20	0	20
1	15721	C	G	6	20	5	20
1	15737	G	A	0	20	0	20
1	15840	A	C	0	20	0	20
1	15878	G	A	0	20	0	20
1	15928	T	A	20	20	20	20
1	15998	C	A	0	20	0	20
1	16020	G	C	0	20	0	20
1	16045	G	C	0	20	0	20
1	16070	A	G	0	20	0	20
1	16091	T	G	20	20	20	20
1	16157	A	T	0	20	1	20
1	16198	A	T	7	20	6	20
1	16364	C	T	0	20	0	20
1	16419	C	T	0	20	0	20
1	16441	C	G	0	20	0	20
1	16444	C	A	0	20	1	20
1	16490	C	G	0	20	0	20
1	16555	A	G	0	20	0	20
1	16633	G	A	0	20	0	20
1	16638	C	T	0	20	0	20
1	16647	G	C	0	20	0	20
1	16693	A	T	0	20	0	20
1	16701	C	A	0	20	0	20
1	16866	C	G	7	20	6	20
1	16914	A	G	0	20	0	20
1	16924	C	T	20	20	20	20
1	16936	T	A	1	20	0	20
1	17025	G	T	20	20	20	20
1	17084	C	G	0	20	0	20
1	17228	G	A	20	20	20	20
1	17281	A	T	0	20	0	20
1	17290	G	T	0	20	0	20
1	17319	T	A	0	20	0	20
1	17369	A	T	0	20	0	20
1	17536	C	G	20	20	20	20
1	17552	G	T	0	20	0	20
1	17567	C	G	13	20	14	20
1	17595	A	T	0	20	0	20
1	17599	C	G	0	20	0	20
1	17606	T	G	0	20	0	20
1	17618	G	T	0	20	0	20
1	17666	T	C	7	20	6	20
1	17679	T	A	20	20	20	20
1	17743	A	C	0	20	0	20
1	17752	C	T	0	20	0	20
1	17785	T	G	0	20	0	20
1	17804	T	G	0	20	0	20
1	17887	A	G	0	20	0	20
1	17970	G	A	4	20	2	20
1	18009	A	C	0	20	0	20
1	18046	C	T	0	20	0	20
1	18070	C	T	20	20	20	20
1	18163	C	T	20	20	20	20
1	18189	T	G	0	20	0	20
1	18192	G	T	0	20	0	20
1	18246	A	G	1	20	0	20
1	18393	A	T	20	20	20	20
1	18460	C	T	0	20	0	20
1	18503	G	A	5	20	6	20
1	18509	T	G	0	20	0	20
1	18534	C	T	20	20	20	20
1	18574	C	G	4	20	2	20
1	18601	A	G	0	20	0	20
1	18742	A	G	0	20	0	20
1	18793	A	C	20	20	20	20
1	18832	G	A	0	20	0	20
1	18838	T	A	0	20	0	20
1	18875	G	A	0	20	0	20
1	18956	G	T	20	20	20	20
1	19111	T	C	0	20	0	20
1	19133	C	G	0	20	0	20
1	19193	C	G	0	20	0	20
1	19221	A	G	19	20	20	20
1	19234	A	C	0	20	0	20
1	19295	C	G	20	20	20	20
1	19398	G	A	0	20	0	20
1	19485	C	A	4	20	3	20
1	19498	G	A	0	20	0	20
1	19585	A	C	0	20	0	20
1	19617	C	G	0	20	0	20
1	19671	A	G	20	20	20	20
1	19712	G	T	0	20	0	20
1	19766	A	G	0	20	0	20
1	19788	A	C	0	20	0	20
1	19833	A	G	0	20	0	20
1	19874	T	C	0	20	0	20
1	19879	C	A	20	20	20	20
1	19893	A	C	20	20	20	20
1	19917	C	T	1	20	0	20
1	19924	T	C	0	20	0	20
1	19986	T	C	1	20	0	20
1	19997	T	C	20	20	20	20
1	20033	T	C	0	20	0	20
1	20035	C	G	20	20	20	20
1	20055	A	G	0	20	0	20
1	20111	T	A	0	20	0	20
1	20177	G	T	0	20	0	20
1	20192	T	G	20	20	20	20
1	20196	G	T	0	20	0	20
1	20209	G	T	0	20	0	20
1	20259	C	G	0	20	0	20
1	20266	T	C	0	20	0	20
1	20270	C	T	0	20	0	20
1	20326	T	A	0	20	0	20
1	20417	C	G	20	20	20	20
1	20428	G	T	0	20	0	20
1	20446	C	T	0	20	0	20
1	20453	T	C	20	20	20	20
1	20454	A	G	0	20	0	20
1	20477	A	G	20	20	20	20
1	20488	G	A	0	20	0	20
1	20503	A	G	0	20	0	20
1	20506	T	C	0	20	0	20
1	20606	C	A	20	20	20	20
1	20837	A	T	0	20	0	20
1	20983	C	T	0	20	0	20
1	20998	G	T	0	20	0	20
1	21007	A	T	20	20	20	20
1	21043	C	G	0	20	0	20
1	21047	T	C	20	20	20	20
1	21052	A	C	1	20	3	20
1	21079	G	T	0	20	0	20
1	21094	G	T	0	20	0	20
1	21174	A	C	0	20	0	20
1	21179	G	A	20	20	20	20
1	21211	C	T	0	20	1	20
1	21247	G	C	0	20	0	20
1	21274	G	C	20	20	20	20
1	21356	A	T	0	20	0	20
1	21374	A	G	0	20	0	20
1	21384	C	G	20	20	20	20
1	21463	C	G	2	20	2	20
1	21499	C	T	0	20	0	20
1	21500	G	A	16	20	16	20
1	21592	A	T	0	20	0	20
1	21593	T	G	20	20	20	20
1	21603	A	C	20	20	20	20
1	21665	A	C	0	20	0	20
1	21678	A	G	0	20	0	20
1	21722	T	G	0	20	0	20
1	21723	A	T	0	20	0	20
1	21785	C	T	20	20	20	20
1	21811	T	G	0	20	0	20
1	22014	C	A	0	20	0	20
1	22019	G	A	20	20	20	20
1	22021	G	A	0	20	0	20
1	22028	G	T	0	20	0	20
1	22042	A	T	0	20	0	20
1	22046	G	A	0	20	0	20
1	22056	C	T	0	20	0	20
1	22057	C	T	0	20	0	20
1	22092	A	T	0	20	0	20
1	22095	G	T	0	20	0	20
1	22097	A	T	0	20	0	20
1	22152	A	C	4	20	4	20
1	22228	A	G	0	20	0	20
1	22334	A	G	0	20	0	20
1	22375	A	G	1	20	0	20
1	22413	G	T	20	20	20	20
1	22444	A	C	0	20	0	20
1	22484	G	A	0	20	0	20
1	22485	C	T	0	20	0	20
1	22566	T	A	20	20	20	20
1	22602	G	A	0	20	0	20
1	22603	C	T	0	20	0	20
1	22620	A	C	0	20	0	20
1	22622	G	A	16	20	16	20
1	22650	T	G	0	20	0	20
1	22698	T	A	0	20	0	20
1	22705	A	C	20	20	20	20
1	22723	A	G	20	20	20	20
1	22862	T	C	20	20	20	20
1	22912	T	C	20	20	20	20
1	22928	C	A	0	20	0	20
1	22960	G	C	20	20	20	20
1	23036	T	C	0	20	0	20
1	23048	C	A	0	20	0	20
1	23087	C	G	20	20	20	20
1	23117	G	A	20	20	20	20
1	23165	C	A	20	20	20	20
1	23211	G	A	20	20	20	20
1	23212	T	C	20	20	20	20
1	23228	T	A	0	20	0	20
1	23241	T	A	0	20	0	20
1	23256	A	T	0	20	0	20
1	23262	A	G	20	20	20	20
1	23299	A	C	1	20	0	20
1	23301	G	T	0	20	0	20
1	23310	C	G	20	20	20	20
1	23334	C	G	7	20	6	20
1	23371	C	G	0	20	0	20
1	23373	A	C	6	20	5	20
1	23392	C	G	1	20	0	20
1	23420	T	A	0	20	0	20
1	23440	C	A	20	20	20	20
1	23452	G	T	0	20	0	20
1	23495	A	G	0	20	0	20
1	23527	C	T	0	20	0	20
1	23636	T	G	20	20	20	20
1	23684	A	T	0	20	0	20
1	23686	C	T	0	20	0	20
1	23725	A	C	3	20	0	20
1	23783	A	C	0	20	0	20
1	23806	T	C	2	20	0	20
1	23834	A	T	1	20	0	20
1	23835	G	T	0	20	0	20
1	23958	T	G	0	20	0	20
1	24083	A	G	0	20	0	20
1	24116	A	G	20	20	20	20
1	24118	G	A	0	20	0	20
1	24142	G	T	4	20	4	20
1	24178	G	T	0	20	0	20
1	24184	A	C	20	20	20	20
1	24217	A	G	0	20	0	20
1	24238	C	G	0	20	0	20
1	24275	G	C	0	20	0	20
1	24294	C	T	20	20	20	20
1	24340	A	C	0	20	0	20
1	24365	T	G	0	20	0	20
1	24368	T	G	0	20	0	20
1	24394	C	T	0	20	0	20
1	24452	T	G	0	20	0	20
1	24585	T	C	0	20	0	20
1	24632	G	T	20	20	20	20
1	24636	C	A	0	20	0	20
1	24698	T	A	0	20	0	20
1	24707	G	C	0	20	0	20
1	24764	A	T	0	20	0	20
1	24812	C	G	20	20	20	20
1	24815	A	T	0	20	0	20
1	24840	T	G	0	20	0	20
1	24904	C	A	0	20	0	20
1	24930	A	G	0	20	0	20
1	25015	T	G	0	20	0	20
1	25091	C	T	0	20	0	20
1	25140	C	G	0	20	0	20
1	25192	C	T	0	20	0	20
1	25232	C	G	0	20	0	20
1	25308	G	A	20	20	20	20
1	25314	G	A	0	20	0	20
1	25326	C	T	20	20	20	20
1	25330	A	C	0	20	0	20
1	25353	C	A	0	20	0	20
1	25364	T	C	0	20	0	20
1	25398	G	T	0	20	0	20
1	25423	A	T	0	20	0	20
1	25430	A	G	0	20	0	20
1	25462	C	T	0	20	0	20
1	25466	A	G	0	20	0	20
1	25536	G	T	0	20	0	20
1	25557	C	T	0	20	0	20
1	25636	A	G	0	20	0	20
1	25668	T	G	20	20	20	20
1	25676	G	A	0	20	0	20
1	25696	G	A	20	20	20	20
1	25712	T	A	20	20	20	20
1	25721	T	A	0	20	0	20
1	25742	C	T	1	20	0	20
1	25793	T	G	20	20	20	20
1	25804	G	T	0	20	0	20
1	25806	G	T	20	20	20	20
1	25837	T	A	0	20	0	20
1	25894	T	C	0	20	0	20
1	25992	G	A	0	20	0	20
1	26004	A	G	0	20	0	20
1	26033	G	C	0	20	0	20
1	26117	G	C	20	20	20	20
1	26133	G	A	0	20	0	20
1	26169	A	G	0	20	0	20
1	26229	G	C	20	20	20	20
1	26232	C	T	20	20	20	20
1	26244	G	A	0	20	0	20
1	26300	T	C	0	20	0	20
1	26440	T	A	20	20	20	20
1	26456	C	G	1	20	1	20
1	26479	A	G	0	20	0	20
1	26524	A	G	20	20	20	20
1	26569	G	A	20	20	20	20
1	26616	G	A	0	20	0	20
1	26687	G	T	0	20	0	20
1	26722	A	C	0	20	0	20
1	26763	G	A	0	20	0	20
1	26837	G	T	0	20	0	20
1	26872	G	T	0	20	0	20
1	26886	T	G	20	20	20	20
1	26931	C	A	0	20	0	20
1	27058	T	G	0	20	0	20
1	27104	C	G	0	20	0	20
1	27106	T	G	0	20	0	20
1	27205	T	C	0	20	0	20
1	27211	A	C	20	20	20	20
1	27261	C	G	0	20	0	20
1	27312	G	A	0	20	1	20
1	27342	G	T	0	20	1	20
1	27387	C	A	0	20	0	20
1	27405	T	A	20	20	20	20
1	27414	A	G	0	20	0	20
1	27432	G	A	0	20	0	20
1	27455	A	C	20	20	20	20
1	27495	G	A	0	20	0	20
1	27567	A	T	0	20	0	20
1	27620	G	T	0	20	0	20
1	27651	G	T	6	20	6	20
1	27671	C	T	0	20	0	20
1	27732	A	G	0	20	0	20
1	27743	G	T	0	20	0	20
1	27748	T	A	0	20	0	20
1	27763	T	A	20	20	20	20
1	27779	T	G	0	20	0	20
1	27834	A	G	0	20	0	20
1	27850	T	A	0	20	0	20
1	27933	C	A	2	20	4	20
1	27947	A	C	0	20	1	20
1	28019	T	G	0	20	0	20
1	28035	C	T	0	20	0	20
1	28064	A	G	0	20	0	20
1	28107	T	C	20	20	20	20
1	28112	G	T	0	20	0	20
1	28129	C	G	1	20	0	20
1	28179	T	A	20	20	20	20
1	28254	A	C	20	20	20	20
1	28263	C	G	0	20	0	20
1	28293	A	C	0	20	0	20
1	28421	A	G	0	20	0	20
1	28426	T	C	0	20	0	20
1	28439	T	A	0	20	1	20
1	28449	G	C	0	20	0	20
1	28455	G	T	9	20	10	20
1	28465	G	A	0	20	0	20
1	28494	T	A	0	20	0	20
1	28510	A	G	20	20	20	20
1	28524	T	C	0	20	0	20
1	28546	C	A	0	20	0	20
1	28605	A	G	0	20	0	20
1	28632	T	C	0	20	0	20
1	28669	G	C	0	20	0	20
1	28687	T	A	0	20	0	20
1	28731	A	T	1	20	0	20
1	28742	C	G	0	20	0	20
1	28777	G	A	20	20	20	20
1	28819	T	C	0	20	0	20
1	28821	G	C	20	20	20	20
1	28880	C	G	0	20	0	20
1	28936	G	A	20	20	20	20
1	28953	C	A	0	20	0	20
1	28956	T	A	1	20	2	20
1	28970	A	T	0	20	0	20
1	28971	C	T	0	20	0	20
1	28975	T	A	0	20	0	20
1	28988	A	G	20	20	20	20
1	29018	C	A	0	20	0	20
1	29020	C	A	20	20	20	20
1	29042	T	A	0	20	0	20
1	29049	T	G	0	20	0	20
1	29052	C	A	0	20	0	20
1	29077	T	G	0	20	2	20
1	29106	A	T	5	20	4	20
1	29108	T	G	0	20	0	20
1	29249	C	G	20	20	20	20
1	29253	C	A	0	20	0	20
1	29255	T	C	0	20	0	20
1	29256	G	A	0	20	0	20
1	29258	G	C	0	20	0	20
1	29259	T	A	5	20	4	20
1	29322	C	G	20	20	20	20
1	29375	A	C	0	20	0	20
1	29377	A	C	15	20	16	20
1	29427	C	G	20	20	20	20
1	29436	A	G	0	20	0	20
1	29484	C	T	20	20	20	20
1	29501	T	C	20	20	20	20
1	29590	C	A	0	20	0	20
1	29592	T	C	0	20	0	20
1	29642	T	G	20	20	20	20
1	29669	G	T	0	20	0	20
1	29686	C	G	20	20	20	20
1	29727	G	T	0	20	0	20
1	29734	A	T	5	20	4	20
1	29761	T	C	0	20	0	20
1	29795	A	T	0	20	0	20
1	29915	C	A	0	20	0	20
1	29992	G	T	1	20	3	20
